[2019-04-11 17:25:40,330] [INFO] [MBP][conftest.py - line:19] 自动化测试开始!
[2019-04-11 17:25:40,332] [INFO] [MBP][driver.py - line:23] 79URX19227000484
[2019-04-11 17:25:40,867] [INFO] [MBP][driver.py - line:33] 连接设备:79URX19227000484
[2019-04-11 17:25:40,867] [INFO] [MBP][conftest.py - line:21] driver初始化
[2019-04-11 17:25:47,707] [INFO] [MBP][base.py - line:195] 等待「微信发现」元素出现
[2019-04-11 17:25:47,735] [INFO] [MBP][base.py - line:184] 展示文字
[2019-04-11 17:25:48,714] [INFO] [MBP][base.py - line:115] 向下滑动
[2019-04-11 17:25:51,500] [INFO] [MBP][base.py - line:41] 点击元素:「小熊家长会」
[2019-04-11 17:25:56,169] [INFO] [MBP][base.py - line:195] 等待「历史班级」元素出现
[2019-04-11 17:25:56,188] [INFO] [MBP][base.py - line:184] 展示文字
[2019-04-11 17:25:57,374] [INFO] [MBP][base.py - line:53] 点击元素「小程序我的页」
[2019-04-11 17:25:57,375] [INFO] [MBP][test_mine.py - line:23] 初始化我的模块
[2019-04-11 17:25:59,814] [INFO] [MBP][base.py - line:41] 点击元素:「钻石余额 >」
[2019-04-11 17:26:02,483] [INFO] [MBP][base.py - line:41] 点击元素:「微信支付￥0.01」
[2019-04-11 17:26:04,227] [INFO] [MBP][base.py - line:249] 断言「请输入支付密码」元素存在,成功了!
[2019-04-11 17:26:04,228] [INFO] [MBP][test_mine.py - line:25] 结束我的模块
[2019-04-11 17:26:04,229] [INFO] [MBP][conftest.py - line:27] 自动化测试结束!
[2019-04-11 17:26:04,529] [INFO] [MBP][conftest.py - line:19] 自动化测试开始!
[2019-04-11 17:26:04,529] [INFO] [MBP][driver.py - line:23] 79URX19227000484
[2019-04-11 17:26:04,855] [INFO] [MBP][driver.py - line:33] 连接设备:79URX19227000484
[2019-04-11 17:26:04,855] [INFO] [MBP][conftest.py - line:21] driver初始化
[2019-04-11 17:26:10,891] [INFO] [MBP][base.py - line:195] 等待「微信发现」元素出现
[2019-04-11 17:26:10,915] [INFO] [MBP][base.py - line:184] 展示文字
[2019-04-11 17:26:11,834] [INFO] [MBP][base.py - line:115] 向下滑动
[2019-04-11 17:26:14,626] [INFO] [MBP][base.py - line:41] 点击元素:「小熊家长会」
[2019-04-11 17:26:18,266] [INFO] [MBP][base.py - line:195] 等待「历史班级」元素出现
[2019-04-11 17:26:18,282] [INFO] [MBP][base.py - line:184] 展示文字
[2019-04-11 17:26:19,464] [INFO] [MBP][base.py - line:53] 点击元素「小程序我的页」
[2019-04-11 17:26:19,465] [INFO] [MBP][test_mine.py - line:23] 初始化我的模块
[2019-04-11 17:26:21,396] [INFO] [MBP][base.py - line:195] 等待「编号:619151」元素出现
[2019-04-11 17:26:24,506] [INFO] [MBP][base.py - line:41] 点击元素:「专属花朵」
[2019-04-11 17:26:25,012] [INFO] [MBP][base.py - line:249] 断言「会员定制花朵 任性送老师」元素存在,成功了!
[2019-04-11 17:26:28,011] [INFO] [MBP][base.py - line:41] 点击元素:「✖」
[2019-04-11 17:26:28,012] [INFO] [MBP][test_mine.py - line:25] 结束我的模块
[2019-04-11 17:26:28,014] [INFO] [MBP][conftest.py - line:27] 自动化测试结束!
[2019-04-11 17:26:28,358] [INFO] [MBP][conftest.py - line:19] 自动化测试开始!
[2019-04-11 17:26:28,359] [INFO] [MBP][driver.py - line:23] 79URX19227000484
[2019-04-11 17:26:28,482] [INFO] [MBP][driver.py - line:33] 连接设备:79URX19227000484
[2019-04-11 17:26:28,483] [INFO] [MBP][conftest.py - line:21] driver初始化
[2019-04-11 17:26:33,934] [INFO] [MBP][base.py - line:195] 等待「微信发现」元素出现
[2019-04-11 17:26:33,963] [INFO] [MBP][base.py - line:184] 展示文字
[2019-04-11 17:26:34,934] [INFO] [MBP][base.py - line:115] 向下滑动
[2019-04-11 17:26:37,683] [INFO] [MBP][base.py - line:41] 点击元素:「小熊家长会」
[2019-04-11 17:26:41,009] [INFO] [MBP][base.py - line:195] 等待「历史班级」元素出现
[2019-04-11 17:26:41,025] [INFO] [MBP][base.py - line:184] 展示文字
[2019-04-11 17:26:42,234] [INFO] [MBP][base.py - line:53] 点击元素「小程序我的页」
[2019-04-11 17:26:42,234] [INFO] [MBP][test_mine.py - line:23] 初始化我的模块
[2019-04-11 17:26:43,731] [INFO] [MBP][base.py - line:107] 向上滑动
[2019-04-11 17:26:46,440] [INFO] [MBP][base.py - line:41] 点击元素:「日记本」
[2019-04-11 17:26:49,655] [INFO] [MBP][base.py - line:41] 点击元素:「我的评论」
[2019-04-11 17:26:50,534] [INFO] [MBP][base.py - line:249] 断言「这是评论」元素存在,成功了!
[2019-04-11 17:26:50,535] [INFO] [MBP][test_mine.py - line:25] 结束我的模块
[2019-04-11 17:26:50,536] [INFO] [MBP][conftest.py - line:27] 自动化测试结束!
[2019-04-11 17:26:50,936] [INFO] [MBP][conftest.py - line:19] 自动化测试开始!
[2019-04-11 17:26:50,936] [INFO] [MBP][driver.py - line:23] 79URX19227000484
[2019-04-11 17:26:51,064] [INFO] [MBP][driver.py - line:33] 连接设备:79URX19227000484
[2019-04-11 17:26:51,064] [INFO] [MBP][conftest.py - line:21] driver初始化
[2019-04-11 17:26:56,600] [INFO] [MBP][base.py - line:195] 等待「微信发现」元素出现
[2019-04-11 17:26:56,622] [INFO] [MBP][base.py - line:184] 展示文字
[2019-04-11 17:26:57,668] [INFO] [MBP][base.py - line:115] 向下滑动
[2019-04-11 17:27:00,427] [INFO] [MBP][base.py - line:41] 点击元素:「小熊家长会」
[2019-04-11 17:27:03,661] [INFO] [MBP][base.py - line:195] 等待「历史班级」元素出现
[2019-04-11 17:27:03,680] [INFO] [MBP][base.py - line:184] 展示文字
[2019-04-11 17:27:04,877] [INFO] [MBP][base.py - line:53] 点击元素「小程序我的页」
[2019-04-11 17:27:04,878] [INFO] [MBP][test_mine.py - line:23] 初始化我的模块
[2019-04-11 17:27:06,391] [INFO] [MBP][base.py - line:107] 向上滑动
[2019-04-11 17:27:08,821] [INFO] [MBP][base.py - line:41] 点击元素:「日记本」
[2019-04-11 17:27:11,308] [INFO] [MBP][base.py - line:41] 点击元素:「我的赞」
[2019-04-11 17:27:11,624] [INFO] [MBP][base.py - line:249] 断言「图为证」元素存在,成功了!
[2019-04-11 17:27:11,624] [INFO] [MBP][test_mine.py - line:25] 结束我的模块
[2019-04-11 17:27:11,626] [INFO] [MBP][conftest.py - line:27] 自动化测试结束!
[2019-04-11 17:27:11,987] [INFO] [MBP][conftest.py - line:19] 自动化测试开始!
[2019-04-11 17:27:11,987] [INFO] [MBP][driver.py - line:23] 79URX19227000484
[2019-04-11 17:27:12,104] [INFO] [MBP][driver.py - line:33] 连接设备:79URX19227000484
[2019-04-11 17:27:12,104] [INFO] [MBP][conftest.py - line:21] driver初始化
[2019-04-11 17:27:17,138] [INFO] [MBP][base.py - line:195] 等待「微信发现」元素出现
[2019-04-11 17:27:17,166] [INFO] [MBP][base.py - line:184] 展示文字
[2019-04-11 17:27:18,110] [INFO] [MBP][base.py - line:115] 向下滑动
[2019-04-11 17:27:20,779] [INFO] [MBP][base.py - line:41] 点击元素:「小熊家长会」
[2019-04-11 17:27:24,361] [INFO] [MBP][base.py - line:195] 等待「历史班级」元素出现
[2019-04-11 17:27:24,395] [INFO] [MBP][base.py - line:184] 展示文字
[2019-04-11 17:27:25,607] [INFO] [MBP][base.py - line:53] 点击元素「小程序我的页」
[2019-04-11 17:27:25,608] [INFO] [MBP][test_mine.py - line:23] 初始化我的模块
[2019-04-11 17:27:27,165] [INFO] [MBP][base.py - line:107] 向上滑动
[2019-04-11 17:27:30,078] [INFO] [MBP][base.py - line:41] 点击元素:「日记本」
[2019-04-11 17:27:33,379] [INFO] [MBP][base.py - line:41] 点击元素:「群名：图」
[2019-04-11 17:27:34,139] [INFO] [MBP][base.py - line:249] 断言「2019.04.08」元素存在,成功了!
[2019-04-11 17:27:34,140] [INFO] [MBP][test_mine.py - line:25] 结束我的模块
[2019-04-11 17:27:34,142] [INFO] [MBP][conftest.py - line:27] 自动化测试结束!
[2019-04-11 17:27:34,451] [INFO] [MBP][conftest.py - line:19] 自动化测试开始!
[2019-04-11 17:27:34,452] [INFO] [MBP][driver.py - line:23] 79URX19227000484
[2019-04-11 17:27:34,595] [INFO] [MBP][driver.py - line:33] 连接设备:79URX19227000484
[2019-04-11 17:27:34,595] [INFO] [MBP][conftest.py - line:21] driver初始化
[2019-04-11 17:27:39,856] [INFO] [MBP][base.py - line:195] 等待「微信发现」元素出现
[2019-04-11 17:27:39,882] [INFO] [MBP][base.py - line:184] 展示文字
[2019-04-11 17:27:40,782] [INFO] [MBP][base.py - line:115] 向下滑动
[2019-04-11 17:27:43,620] [INFO] [MBP][base.py - line:41] 点击元素:「小熊家长会」
[2019-04-11 17:27:46,917] [INFO] [MBP][base.py - line:195] 等待「历史班级」元素出现
[2019-04-11 17:27:46,932] [INFO] [MBP][base.py - line:184] 展示文字
[2019-04-11 17:27:48,122] [INFO] [MBP][base.py - line:53] 点击元素「小程序我的页」
[2019-04-11 17:27:48,122] [INFO] [MBP][test_mine.py - line:23] 初始化我的模块
[2019-04-11 17:27:49,675] [INFO] [MBP][base.py - line:107] 向上滑动
[2019-04-11 17:27:52,240] [INFO] [MBP][base.py - line:41] 点击元素:「礼物兑换」
[2019-04-11 17:27:52,612] [INFO] [MBP][base.py - line:249] 断言「礼物兑换」元素存在,成功了!
[2019-04-11 17:27:52,613] [INFO] [MBP][test_mine.py - line:25] 结束我的模块
[2019-04-11 17:27:52,614] [INFO] [MBP][conftest.py - line:27] 自动化测试结束!
[2019-04-11 17:27:52,926] [INFO] [MBP][conftest.py - line:19] 自动化测试开始!
[2019-04-11 17:27:52,926] [INFO] [MBP][driver.py - line:23] 79URX19227000484
[2019-04-11 17:27:53,013] [INFO] [MBP][driver.py - line:33] 连接设备:79URX19227000484
[2019-04-11 17:27:53,013] [INFO] [MBP][conftest.py - line:21] driver初始化
[2019-04-11 17:27:58,194] [INFO] [MBP][base.py - line:195] 等待「微信发现」元素出现
[2019-04-11 17:27:58,218] [INFO] [MBP][base.py - line:184] 展示文字
[2019-04-11 17:27:59,122] [INFO] [MBP][base.py - line:115] 向下滑动
[2019-04-11 17:28:01,894] [INFO] [MBP][base.py - line:41] 点击元素:「小熊家长会」
[2019-04-11 17:28:05,338] [INFO] [MBP][base.py - line:195] 等待「历史班级」元素出现
[2019-04-11 17:28:05,356] [INFO] [MBP][base.py - line:184] 展示文字
[2019-04-11 17:28:06,550] [INFO] [MBP][base.py - line:53] 点击元素「小程序我的页」
[2019-04-11 17:28:06,551] [INFO] [MBP][test_mine.py - line:23] 初始化我的模块
[2019-04-11 17:28:09,038] [INFO] [MBP][base.py - line:107] 向上滑动
[2019-04-11 17:28:12,206] [INFO] [MBP][base.py - line:41] 点击元素:「排行榜」
[2019-04-11 17:28:13,208] [INFO] [MBP][base.py - line:249] 断言「第1名」元素存在,成功了!
[2019-04-11 17:28:13,550] [INFO] [MBP][base.py - line:249] 断言「一年级一班」元素存在,成功了!
[2019-04-11 17:28:16,443] [INFO] [MBP][base.py - line:41] 点击元素:「积分榜」
[2019-04-11 17:28:16,929] [INFO] [MBP][base.py - line:249] 断言「实验三小2018级3班」元素存在,成功了!
[2019-04-11 17:28:16,931] [INFO] [MBP][test_mine.py - line:25] 结束我的模块
[2019-04-11 17:28:16,932] [INFO] [MBP][conftest.py - line:27] 自动化测试结束!
[2019-04-11 17:28:17,270] [INFO] [MBP][conftest.py - line:19] 自动化测试开始!
[2019-04-11 17:28:17,270] [INFO] [MBP][driver.py - line:23] 79URX19227000484
[2019-04-11 17:28:17,376] [INFO] [MBP][driver.py - line:33] 连接设备:79URX19227000484
[2019-04-11 17:28:17,376] [INFO] [MBP][conftest.py - line:21] driver初始化
[2019-04-11 17:28:22,268] [INFO] [MBP][base.py - line:195] 等待「微信发现」元素出现
[2019-04-11 17:28:22,295] [INFO] [MBP][base.py - line:184] 展示文字
[2019-04-11 17:28:23,283] [INFO] [MBP][base.py - line:115] 向下滑动
[2019-04-11 17:28:25,659] [INFO] [MBP][base.py - line:41] 点击元素:「小熊家长会」
[2019-04-11 17:28:29,166] [INFO] [MBP][base.py - line:195] 等待「历史班级」元素出现
[2019-04-11 17:28:29,186] [INFO] [MBP][base.py - line:184] 展示文字
[2019-04-11 17:28:30,357] [INFO] [MBP][base.py - line:53] 点击元素「小程序我的页」
[2019-04-11 17:28:30,358] [INFO] [MBP][test_mine.py - line:23] 初始化我的模块
[2019-04-11 17:28:32,860] [INFO] [MBP][base.py - line:107] 向上滑动
[2019-04-11 17:28:35,823] [INFO] [MBP][base.py - line:41] 点击元素:「排行榜」
[2019-04-11 17:28:36,762] [INFO] [MBP][base.py - line:249] 断言「第1名」元素存在,成功了!
[2019-04-11 17:28:37,083] [INFO] [MBP][base.py - line:249] 断言「一年级一班」元素存在,成功了!
[2019-04-11 17:28:40,041] [INFO] [MBP][base.py - line:41] 点击元素:「鲜花榜」
[2019-04-11 17:28:40,848] [INFO] [MBP][base.py - line:249] 断言「Linda」元素存在,成功了!
[2019-04-11 17:28:40,852] [INFO] [MBP][test_mine.py - line:25] 结束我的模块
[2019-04-11 17:28:40,853] [INFO] [MBP][conftest.py - line:27] 自动化测试结束!
[2019-04-11 17:28:41,124] [INFO] [MBP][conftest.py - line:19] 自动化测试开始!
[2019-04-11 17:28:41,124] [INFO] [MBP][driver.py - line:23] 79URX19227000484
[2019-04-11 17:28:41,326] [INFO] [MBP][driver.py - line:33] 连接设备:79URX19227000484
[2019-04-11 17:28:41,326] [INFO] [MBP][conftest.py - line:21] driver初始化
[2019-04-11 17:28:46,642] [INFO] [MBP][base.py - line:195] 等待「微信发现」元素出现
[2019-04-11 17:28:46,665] [INFO] [MBP][base.py - line:184] 展示文字
[2019-04-11 17:28:47,573] [INFO] [MBP][base.py - line:115] 向下滑动
[2019-04-11 17:28:50,304] [INFO] [MBP][base.py - line:41] 点击元素:「小熊家长会」
[2019-04-11 17:28:54,047] [INFO] [MBP][base.py - line:195] 等待「历史班级」元素出现
[2019-04-11 17:28:54,064] [INFO] [MBP][base.py - line:184] 展示文字
[2019-04-11 17:28:55,269] [INFO] [MBP][base.py - line:53] 点击元素「小程序我的页」
[2019-04-11 17:28:55,269] [INFO] [MBP][test_mine.py - line:23] 初始化我的模块
[2019-04-11 17:28:57,756] [INFO] [MBP][base.py - line:107] 向上滑动
[2019-04-11 17:29:00,764] [INFO] [MBP][base.py - line:41] 点击元素:「排行榜」
[2019-04-11 17:29:01,730] [INFO] [MBP][base.py - line:249] 断言「第1名」元素存在,成功了!
[2019-04-11 17:29:02,143] [INFO] [MBP][base.py - line:249] 断言「一年级一班」元素存在,成功了!
[2019-04-11 17:29:05,191] [INFO] [MBP][base.py - line:41] 点击元素:「勋章榜」
[2019-04-11 17:29:06,039] [INFO] [MBP][base.py - line:249] 断言「Linda」元素存在,成功了!
[2019-04-11 17:29:06,041] [INFO] [MBP][test_mine.py - line:25] 结束我的模块
[2019-04-11 17:29:06,042] [INFO] [MBP][conftest.py - line:27] 自动化测试结束!
[2019-04-11 17:29:06,296] [INFO] [MBP][conftest.py - line:19] 自动化测试开始!
[2019-04-11 17:29:06,296] [INFO] [MBP][driver.py - line:23] 79URX19227000484
[2019-04-11 17:29:06,400] [INFO] [MBP][driver.py - line:33] 连接设备:79URX19227000484
[2019-04-11 17:29:06,400] [INFO] [MBP][conftest.py - line:21] driver初始化
[2019-04-11 17:29:11,558] [INFO] [MBP][base.py - line:195] 等待「微信发现」元素出现
[2019-04-11 17:29:11,581] [INFO] [MBP][base.py - line:184] 展示文字
[2019-04-11 17:29:12,586] [INFO] [MBP][base.py - line:115] 向下滑动
[2019-04-11 17:29:15,127] [INFO] [MBP][base.py - line:41] 点击元素:「小熊家长会」
[2019-04-11 17:29:19,000] [INFO] [MBP][base.py - line:195] 等待「历史班级」元素出现
[2019-04-11 17:29:19,022] [INFO] [MBP][base.py - line:184] 展示文字
[2019-04-11 17:29:20,226] [INFO] [MBP][base.py - line:53] 点击元素「小程序我的页」
[2019-04-11 17:29:20,227] [INFO] [MBP][test_mine.py - line:23] 初始化我的模块
[2019-04-11 17:29:21,793] [INFO] [MBP][base.py - line:107] 向上滑动
[2019-04-11 17:29:24,575] [INFO] [MBP][base.py - line:41] 点击元素:「分享小熊打卡」
[2019-04-11 17:29:26,204] [INFO] [MBP][base.py - line:249] 断言「创建新聊天」元素存在,成功了!
[2019-04-11 17:29:26,205] [INFO] [MBP][test_mine.py - line:25] 结束我的模块
[2019-04-11 17:29:26,206] [INFO] [MBP][conftest.py - line:27] 自动化测试结束!
[2019-04-11 17:29:26,506] [INFO] [MBP][conftest.py - line:19] 自动化测试开始!
[2019-04-11 17:29:26,506] [INFO] [MBP][driver.py - line:23] 79URX19227000484
[2019-04-11 17:29:28,423] [INFO] [MBP][driver.py - line:33] 连接设备:79URX19227000484
[2019-04-11 17:29:28,423] [INFO] [MBP][conftest.py - line:21] driver初始化
[2019-04-11 17:29:34,105] [INFO] [MBP][base.py - line:195] 等待「微信发现」元素出现
[2019-04-11 17:29:34,128] [INFO] [MBP][base.py - line:184] 展示文字
[2019-04-11 17:29:35,163] [INFO] [MBP][base.py - line:115] 向下滑动
[2019-04-11 17:29:37,910] [INFO] [MBP][base.py - line:41] 点击元素:「小熊家长会」
[2019-04-11 17:29:42,826] [INFO] [MBP][base.py - line:195] 等待「历史班级」元素出现
[2019-04-11 17:29:42,849] [INFO] [MBP][base.py - line:184] 展示文字
[2019-04-11 17:29:44,066] [INFO] [MBP][base.py - line:53] 点击元素「小程序我的页」
[2019-04-11 17:29:44,067] [INFO] [MBP][test_mine.py - line:23] 初始化我的模块
[2019-04-11 17:29:45,594] [INFO] [MBP][base.py - line:107] 向上滑动
[2019-04-11 17:29:48,141] [INFO] [MBP][base.py - line:41] 点击元素:「帮助与反馈」
[2019-04-11 17:29:49,329] [INFO] [MBP][base.py - line:249] 断言「吐个槽社区」元素存在,成功了!
[2019-04-11 17:29:49,330] [INFO] [MBP][test_mine.py - line:25] 结束我的模块
[2019-04-11 17:29:49,330] [INFO] [MBP][conftest.py - line:27] 自动化测试结束!
[2019-04-11 17:29:55,457] [INFO] [MBP][run.py - line:27] 报告地址:/Users/Innocence/PycharmProjects/txxdk/reports/index.html
[2019-04-11 17:30:15,985] [INFO] [MBP][conftest.py - line:19] 自动化测试开始!
[2019-04-11 17:30:15,985] [INFO] [MBP][driver.py - line:23] 79URX19227000484
[2019-04-11 17:30:16,128] [INFO] [MBP][driver.py - line:33] 连接设备:79URX19227000484
[2019-04-11 17:30:16,128] [INFO] [MBP][conftest.py - line:21] driver初始化
[2019-04-11 17:30:21,277] [INFO] [MBP][base.py - line:195] 等待「微信发现」元素出现
[2019-04-11 17:30:21,295] [INFO] [MBP][base.py - line:184] 展示文字
[2019-04-11 17:30:22,211] [INFO] [MBP][base.py - line:115] 向下滑动
[2019-04-11 17:30:24,995] [INFO] [MBP][base.py - line:41] 点击元素:「小熊家长会」
[2019-04-11 17:30:28,441] [INFO] [MBP][base.py - line:195] 等待「历史班级」元素出现
[2019-04-11 17:30:28,457] [INFO] [MBP][base.py - line:184] 展示文字
[2019-04-11 17:30:29,643] [INFO] [MBP][base.py - line:53] 点击元素「小程序发现页」
[2019-04-11 17:30:29,643] [INFO] [MBP][test_discover.py - line:22] 初始化发现模块
[2019-04-11 17:30:32,543] [INFO] [MBP][base.py - line:41] 点击元素:「五六年级古诗」
[2019-04-11 17:30:38,736] [INFO] [MBP][base.py - line:249] 断言「查看关卡」元素存在,成功了!
[2019-04-11 17:30:38,737] [INFO] [MBP][test_discover.py - line:24] 结束发现模块
[2019-04-11 17:30:38,738] [INFO] [MBP][conftest.py - line:27] 自动化测试结束!
[2019-04-11 17:30:39,055] [INFO] [MBP][conftest.py - line:19] 自动化测试开始!
[2019-04-11 17:30:39,055] [INFO] [MBP][driver.py - line:23] 79URX19227000484
[2019-04-11 17:30:39,177] [INFO] [MBP][driver.py - line:33] 连接设备:79URX19227000484
[2019-04-11 17:30:39,177] [INFO] [MBP][conftest.py - line:21] driver初始化
[2019-04-11 17:30:44,457] [INFO] [MBP][base.py - line:195] 等待「微信发现」元素出现
[2019-04-11 17:30:44,475] [INFO] [MBP][base.py - line:184] 展示文字
[2019-04-11 17:30:45,449] [INFO] [MBP][base.py - line:115] 向下滑动
[2019-04-11 17:30:47,839] [INFO] [MBP][base.py - line:41] 点击元素:「小熊家长会」
[2019-04-11 17:30:52,196] [INFO] [MBP][base.py - line:195] 等待「历史班级」元素出现
[2019-04-11 17:30:52,215] [INFO] [MBP][base.py - line:184] 展示文字
[2019-04-11 17:30:53,403] [INFO] [MBP][base.py - line:53] 点击元素「小程序发现页」
[2019-04-11 17:30:53,404] [INFO] [MBP][test_discover.py - line:22] 初始化发现模块
[2019-04-11 17:30:55,960] [INFO] [MBP][base.py - line:41] 点击元素:「滚动海报图」
[2019-04-11 17:30:56,963] [INFO] [MBP][base.py - line:249] 断言「限时优惠」元素存在,成功了!
[2019-04-11 17:30:56,965] [INFO] [MBP][test_discover.py - line:24] 结束发现模块
[2019-04-11 17:30:56,966] [INFO] [MBP][conftest.py - line:27] 自动化测试结束!
[2019-04-11 17:30:57,257] [INFO] [MBP][conftest.py - line:19] 自动化测试开始!
[2019-04-11 17:30:57,257] [INFO] [MBP][driver.py - line:23] 79URX19227000484
[2019-04-11 17:30:57,409] [INFO] [MBP][driver.py - line:33] 连接设备:79URX19227000484
[2019-04-11 17:30:57,410] [INFO] [MBP][conftest.py - line:21] driver初始化
[2019-04-11 17:31:02,962] [INFO] [MBP][base.py - line:195] 等待「微信发现」元素出现
[2019-04-11 17:31:03,027] [INFO] [MBP][base.py - line:184] 展示文字
[2019-04-11 17:31:04,075] [INFO] [MBP][base.py - line:115] 向下滑动
[2019-04-11 17:31:06,858] [INFO] [MBP][base.py - line:41] 点击元素:「小熊家长会」
[2019-04-11 17:31:06,858] [INFO] [MBP][test_home.py - line:22] 初始化首页模块
[2019-04-11 17:31:29,512] [INFO] [MBP][test_home.py - line:25] 结束首页模块
[2019-04-11 17:31:29,514] [INFO] [MBP][conftest.py - line:27] 自动化测试结束!
[2019-04-11 17:31:29,744] [INFO] [MBP][conftest.py - line:19] 自动化测试开始!
[2019-04-11 17:31:29,745] [INFO] [MBP][driver.py - line:23] 79URX19227000484
[2019-04-11 17:31:29,917] [INFO] [MBP][driver.py - line:33] 连接设备:79URX19227000484
[2019-04-11 17:31:29,917] [INFO] [MBP][conftest.py - line:21] driver初始化
[2019-04-11 17:31:35,256] [INFO] [MBP][base.py - line:195] 等待「微信发现」元素出现
[2019-04-11 17:31:35,320] [INFO] [MBP][base.py - line:184] 展示文字
[2019-04-11 17:31:36,303] [INFO] [MBP][base.py - line:115] 向下滑动
[2019-04-11 17:31:38,815] [INFO] [MBP][base.py - line:41] 点击元素:「小熊家长会」
[2019-04-11 17:31:38,815] [INFO] [MBP][test_home.py - line:22] 初始化首页模块
[2019-04-11 17:32:01,142] [INFO] [MBP][test_home.py - line:25] 结束首页模块
[2019-04-11 17:32:01,143] [INFO] [MBP][conftest.py - line:27] 自动化测试结束!
[2019-04-11 17:32:01,488] [INFO] [MBP][conftest.py - line:19] 自动化测试开始!
[2019-04-11 17:32:01,488] [INFO] [MBP][driver.py - line:23] 79URX19227000484
[2019-04-11 17:32:01,613] [INFO] [MBP][driver.py - line:33] 连接设备:79URX19227000484
[2019-04-11 17:32:01,614] [INFO] [MBP][conftest.py - line:21] driver初始化
[2019-04-11 17:32:07,167] [INFO] [MBP][base.py - line:195] 等待「微信发现」元素出现
[2019-04-11 17:32:07,222] [INFO] [MBP][base.py - line:184] 展示文字
[2019-04-11 17:32:08,215] [INFO] [MBP][base.py - line:115] 向下滑动
[2019-04-11 17:32:11,055] [INFO] [MBP][base.py - line:41] 点击元素:「小熊家长会」
[2019-04-11 17:32:11,056] [INFO] [MBP][test_home.py - line:22] 初始化首页模块
[2019-04-11 17:32:33,031] [INFO] [MBP][test_home.py - line:25] 结束首页模块
[2019-04-11 17:32:33,034] [INFO] [MBP][conftest.py - line:27] 自动化测试结束!
[2019-04-11 17:32:33,299] [INFO] [MBP][conftest.py - line:19] 自动化测试开始!
[2019-04-11 17:32:33,300] [INFO] [MBP][driver.py - line:23] 79URX19227000484
[2019-04-11 17:32:33,455] [INFO] [MBP][driver.py - line:33] 连接设备:79URX19227000484
[2019-04-11 17:32:33,455] [INFO] [MBP][conftest.py - line:21] driver初始化
[2019-04-11 17:32:38,780] [INFO] [MBP][base.py - line:195] 等待「微信发现」元素出现
[2019-04-11 17:32:38,842] [INFO] [MBP][base.py - line:184] 展示文字
[2019-04-11 17:32:39,802] [INFO] [MBP][base.py - line:115] 向下滑动
[2019-04-11 17:32:42,290] [INFO] [MBP][base.py - line:41] 点击元素:「小熊家长会」
[2019-04-11 17:32:42,291] [INFO] [MBP][test_home.py - line:22] 初始化首页模块
[2019-04-11 17:32:48,350] [INFO] [MBP][base.py - line:41] 点击元素:「教师指南」
[2019-04-11 17:32:48,351] [INFO] [MBP][test_home.py - line:25] 结束首页模块
[2019-04-11 17:32:48,352] [INFO] [MBP][conftest.py - line:27] 自动化测试结束!
[2019-04-11 17:32:48,704] [INFO] [MBP][conftest.py - line:19] 自动化测试开始!
[2019-04-11 17:32:48,704] [INFO] [MBP][driver.py - line:23] 79URX19227000484
[2019-04-11 17:32:48,850] [INFO] [MBP][driver.py - line:33] 连接设备:79URX19227000484
[2019-04-11 17:32:48,850] [INFO] [MBP][conftest.py - line:21] driver初始化
[2019-04-11 17:32:54,551] [INFO] [MBP][base.py - line:195] 等待「微信发现」元素出现
[2019-04-11 17:32:54,605] [INFO] [MBP][base.py - line:184] 展示文字
[2019-04-11 17:32:55,579] [INFO] [MBP][base.py - line:115] 向下滑动
[2019-04-11 17:32:58,465] [INFO] [MBP][base.py - line:41] 点击元素:「小熊家长会」
[2019-04-11 17:32:58,465] [INFO] [MBP][test_home.py - line:22] 初始化首页模块
[2019-04-11 17:33:07,974] [INFO] [MBP][base.py - line:41] 点击元素:「家长指南」
[2019-04-11 17:33:07,976] [INFO] [MBP][test_home.py - line:25] 结束首页模块
[2019-04-11 17:33:07,977] [INFO] [MBP][conftest.py - line:27] 自动化测试结束!
[2019-04-11 17:33:08,305] [INFO] [MBP][conftest.py - line:19] 自动化测试开始!
[2019-04-11 17:33:08,305] [INFO] [MBP][driver.py - line:23] 79URX19227000484
[2019-04-11 17:33:08,446] [INFO] [MBP][driver.py - line:33] 连接设备:79URX19227000484
[2019-04-11 17:33:08,447] [INFO] [MBP][conftest.py - line:21] driver初始化
[2019-04-11 17:33:13,703] [INFO] [MBP][base.py - line:195] 等待「微信发现」元素出现
[2019-04-11 17:33:13,764] [INFO] [MBP][base.py - line:184] 展示文字
[2019-04-11 17:33:14,759] [INFO] [MBP][base.py - line:115] 向下滑动
[2019-04-11 17:33:17,271] [INFO] [MBP][base.py - line:41] 点击元素:「小熊家长会」
[2019-04-11 17:33:17,271] [INFO] [MBP][test_home.py - line:22] 初始化首页模块
[2019-04-11 17:33:21,557] [INFO] [MBP][base.py - line:195] 等待「历史班级」元素出现
[2019-04-11 17:33:22,830] [INFO] [MBP][base.py - line:53] 点击元素「首页会员广告」
[2019-04-11 17:33:23,434] [INFO] [MBP][base.py - line:249] 断言「限时优惠」元素存在,成功了!
[2019-04-11 17:33:23,435] [INFO] [MBP][test_home.py - line:25] 结束首页模块
[2019-04-11 17:33:23,436] [INFO] [MBP][conftest.py - line:27] 自动化测试结束!
[2019-04-11 17:33:23,735] [INFO] [MBP][conftest.py - line:19] 自动化测试开始!
[2019-04-11 17:33:23,735] [INFO] [MBP][driver.py - line:23] 79URX19227000484
[2019-04-11 17:33:23,882] [INFO] [MBP][driver.py - line:33] 连接设备:79URX19227000484
[2019-04-11 17:33:23,882] [INFO] [MBP][conftest.py - line:21] driver初始化
[2019-04-11 17:33:29,375] [INFO] [MBP][base.py - line:195] 等待「微信发现」元素出现
[2019-04-11 17:33:29,435] [INFO] [MBP][base.py - line:184] 展示文字
[2019-04-11 17:33:30,505] [INFO] [MBP][base.py - line:115] 向下滑动
[2019-04-11 17:33:33,292] [INFO] [MBP][base.py - line:41] 点击元素:「小熊家长会」
[2019-04-11 17:33:33,294] [INFO] [MBP][test_home.py - line:22] 初始化首页模块
[2019-04-11 17:33:39,424] [INFO] [MBP][base.py - line:41] 点击元素:「历史班级」
[2019-04-11 17:33:40,042] [INFO] [MBP][base.py - line:249] 断言「U2测试班级」元素存在,成功了!
[2019-04-11 17:33:40,043] [INFO] [MBP][test_home.py - line:25] 结束首页模块
[2019-04-11 17:33:40,046] [INFO] [MBP][conftest.py - line:27] 自动化测试结束!
[2019-04-11 17:33:40,343] [INFO] [MBP][conftest.py - line:19] 自动化测试开始!
[2019-04-11 17:33:40,344] [INFO] [MBP][driver.py - line:23] 79URX19227000484
[2019-04-11 17:33:40,502] [INFO] [MBP][driver.py - line:33] 连接设备:79URX19227000484
[2019-04-11 17:33:40,502] [INFO] [MBP][conftest.py - line:21] driver初始化
[2019-04-11 17:33:45,895] [INFO] [MBP][base.py - line:195] 等待「微信发现」元素出现
[2019-04-11 17:33:45,955] [INFO] [MBP][base.py - line:184] 展示文字
[2019-04-11 17:33:46,994] [INFO] [MBP][base.py - line:115] 向下滑动
[2019-04-11 17:33:49,500] [INFO] [MBP][base.py - line:41] 点击元素:「小熊家长会」
[2019-04-11 17:33:49,500] [INFO] [MBP][test_home.py - line:22] 初始化首页模块
[2019-04-11 17:33:56,690] [INFO] [MBP][base.py - line:41] 点击元素:「图」
[2019-04-11 17:33:57,627] [INFO] [MBP][base.py - line:195] 等待「邀请打卡」元素出现
[2019-04-11 17:33:58,034] [INFO] [MBP][base.py - line:249] 断言「邀请打卡」元素存在,成功了!
[2019-04-11 17:33:58,035] [INFO] [MBP][test_home.py - line:25] 结束首页模块
[2019-04-11 17:33:58,036] [INFO] [MBP][conftest.py - line:27] 自动化测试结束!
[2019-04-11 17:33:58,353] [INFO] [MBP][conftest.py - line:19] 自动化测试开始!
[2019-04-11 17:33:58,353] [INFO] [MBP][driver.py - line:23] 79URX19227000484
[2019-04-11 17:33:58,502] [INFO] [MBP][driver.py - line:33] 连接设备:79URX19227000484
[2019-04-11 17:33:58,502] [INFO] [MBP][conftest.py - line:21] driver初始化
[2019-04-11 17:34:04,775] [INFO] [MBP][base.py - line:195] 等待「微信发现」元素出现
[2019-04-11 17:34:04,836] [INFO] [MBP][base.py - line:184] 展示文字
[2019-04-11 17:34:05,774] [INFO] [MBP][base.py - line:115] 向下滑动
[2019-04-11 17:34:08,543] [INFO] [MBP][base.py - line:41] 点击元素:「小熊家长会」
[2019-04-11 17:34:08,543] [INFO] [MBP][test_home.py - line:22] 初始化首页模块
[2019-04-11 17:34:15,813] [INFO] [MBP][base.py - line:41] 点击元素:「新建班级」
[2019-04-11 17:34:16,594] [INFO] [MBP][base.py - line:249] 断言「成人打卡」元素存在,成功了!
[2019-04-11 17:34:16,595] [INFO] [MBP][test_home.py - line:25] 结束首页模块
[2019-04-11 17:34:16,596] [INFO] [MBP][conftest.py - line:27] 自动化测试结束!
[2019-04-11 17:34:16,915] [INFO] [MBP][conftest.py - line:19] 自动化测试开始!
[2019-04-11 17:34:16,915] [INFO] [MBP][driver.py - line:23] 79URX19227000484
[2019-04-11 17:34:17,051] [INFO] [MBP][driver.py - line:33] 连接设备:79URX19227000484
[2019-04-11 17:34:17,051] [INFO] [MBP][conftest.py - line:21] driver初始化
[2019-04-11 17:34:23,156] [INFO] [MBP][base.py - line:195] 等待「微信发现」元素出现
[2019-04-11 17:34:23,216] [INFO] [MBP][base.py - line:184] 展示文字
[2019-04-11 17:34:24,265] [INFO] [MBP][base.py - line:115] 向下滑动
[2019-04-11 17:34:26,831] [INFO] [MBP][base.py - line:41] 点击元素:「小熊家长会」
[2019-04-11 17:34:26,832] [INFO] [MBP][test_home.py - line:22] 初始化首页模块
[2019-04-11 17:34:33,570] [INFO] [MBP][base.py - line:195] 等待「历史班级」元素出现
[2019-04-11 17:34:34,879] [INFO] [MBP][base.py - line:53] 点击元素「首页帮助-跳转去吐个槽」
[2019-04-11 17:34:36,666] [INFO] [MBP][base.py - line:249] 断言「吐个槽社区」元素存在,成功了!
[2019-04-11 17:34:36,667] [INFO] [MBP][test_home.py - line:25] 结束首页模块
[2019-04-11 17:34:36,669] [INFO] [MBP][conftest.py - line:27] 自动化测试结束!
[2019-04-11 17:34:37,131] [INFO] [MBP][conftest.py - line:19] 自动化测试开始!
[2019-04-11 17:34:37,132] [INFO] [MBP][driver.py - line:23] 79URX19227000484
[2019-04-11 17:34:37,294] [INFO] [MBP][driver.py - line:33] 连接设备:79URX19227000484
[2019-04-11 17:34:37,294] [INFO] [MBP][conftest.py - line:21] driver初始化
[2019-04-11 17:34:44,695] [INFO] [MBP][base.py - line:195] 等待「微信发现」元素出现
[2019-04-11 17:34:44,756] [INFO] [MBP][base.py - line:184] 展示文字
[2019-04-11 17:34:45,715] [INFO] [MBP][base.py - line:115] 向下滑动
[2019-04-11 17:34:48,570] [INFO] [MBP][base.py - line:41] 点击元素:「小熊家长会」
[2019-04-11 17:34:48,570] [INFO] [MBP][test_home.py - line:22] 初始化首页模块
[2019-04-11 17:34:54,543] [INFO] [MBP][base.py - line:136] 拖动元素「管理」至元素「历史班级」处
[2019-04-11 17:35:02,184] [INFO] [MBP][test_home.py - line:25] 结束首页模块
[2019-04-11 17:35:02,186] [INFO] [MBP][conftest.py - line:27] 自动化测试结束!
[2019-04-11 17:35:02,499] [INFO] [MBP][conftest.py - line:19] 自动化测试开始!
[2019-04-11 17:35:02,499] [INFO] [MBP][driver.py - line:23] 79URX19227000484
[2019-04-11 17:35:02,658] [INFO] [MBP][driver.py - line:33] 连接设备:79URX19227000484
[2019-04-11 17:35:02,659] [INFO] [MBP][conftest.py - line:21] driver初始化
[2019-04-11 17:35:08,679] [INFO] [MBP][base.py - line:195] 等待「微信发现」元素出现
[2019-04-11 17:35:08,737] [INFO] [MBP][base.py - line:184] 展示文字
[2019-04-11 17:35:09,767] [INFO] [MBP][base.py - line:115] 向下滑动
[2019-04-11 17:35:12,283] [INFO] [MBP][base.py - line:41] 点击元素:「小熊家长会」
[2019-04-11 17:35:12,283] [INFO] [MBP][test_home.py - line:22] 初始化首页模块
[2019-04-11 17:35:20,091] [INFO] [MBP][base.py - line:136] 拖动元素「管理」至元素「历史班级」处
[2019-04-11 17:35:27,131] [INFO] [MBP][test_home.py - line:25] 结束首页模块
[2019-04-11 17:35:27,132] [INFO] [MBP][conftest.py - line:27] 自动化测试结束!
[2019-04-11 17:35:27,453] [INFO] [MBP][conftest.py - line:19] 自动化测试开始!
[2019-04-11 17:35:27,454] [INFO] [MBP][driver.py - line:23] 79URX19227000484
[2019-04-11 17:35:27,598] [INFO] [MBP][driver.py - line:33] 连接设备:79URX19227000484
[2019-04-11 17:35:27,598] [INFO] [MBP][conftest.py - line:21] driver初始化
[2019-04-11 17:35:33,927] [INFO] [MBP][base.py - line:195] 等待「微信发现」元素出现
[2019-04-11 17:35:33,985] [INFO] [MBP][base.py - line:184] 展示文字
[2019-04-11 17:35:35,027] [INFO] [MBP][base.py - line:115] 向下滑动
[2019-04-11 17:35:37,970] [INFO] [MBP][base.py - line:41] 点击元素:「小熊家长会」
[2019-04-11 17:35:37,970] [INFO] [MBP][test_home.py - line:22] 初始化首页模块
[2019-04-11 17:35:41,315] [INFO] [MBP][base.py - line:136] 拖动元素「管理」至元素「历史班级」处
[2019-04-11 17:35:48,925] [INFO] [MBP][test_home.py - line:25] 结束首页模块
[2019-04-11 17:35:48,927] [INFO] [MBP][conftest.py - line:27] 自动化测试结束!
[2019-04-11 17:35:49,257] [INFO] [MBP][conftest.py - line:19] 自动化测试开始!
[2019-04-11 17:35:49,257] [INFO] [MBP][driver.py - line:23] 79URX19227000484
[2019-04-11 17:35:49,420] [INFO] [MBP][driver.py - line:33] 连接设备:79URX19227000484
[2019-04-11 17:35:49,421] [INFO] [MBP][conftest.py - line:21] driver初始化
[2019-04-11 17:35:55,432] [INFO] [MBP][base.py - line:195] 等待「微信发现」元素出现
[2019-04-11 17:35:55,499] [INFO] [MBP][base.py - line:184] 展示文字
[2019-04-11 17:35:56,575] [INFO] [MBP][base.py - line:115] 向下滑动
[2019-04-11 17:35:59,100] [INFO] [MBP][base.py - line:41] 点击元素:「小熊家长会」
[2019-04-11 17:36:01,126] [INFO] [MBP][base.py - line:195] 等待「历史班级」元素出现
[2019-04-11 17:36:01,188] [INFO] [MBP][base.py - line:184] 展示文字
[2019-04-11 17:36:02,483] [INFO] [MBP][base.py - line:53] 点击元素「小程序我的页」
[2019-04-11 17:36:02,484] [INFO] [MBP][test_mine.py - line:23] 初始化我的模块
[2019-04-11 17:36:05,461] [INFO] [MBP][base.py - line:41] 点击元素:「钻石余额 >」
[2019-04-11 17:36:08,430] [INFO] [MBP][base.py - line:41] 点击元素:「微信支付￥0.01」
[2019-04-11 17:36:10,285] [INFO] [MBP][base.py - line:249] 断言「请输入支付密码」元素存在,成功了!
[2019-04-11 17:36:10,286] [INFO] [MBP][test_mine.py - line:25] 结束我的模块
[2019-04-11 17:36:10,287] [INFO] [MBP][conftest.py - line:27] 自动化测试结束!
[2019-04-11 17:36:10,600] [INFO] [MBP][conftest.py - line:19] 自动化测试开始!
[2019-04-11 17:36:10,600] [INFO] [MBP][driver.py - line:23] 79URX19227000484
[2019-04-11 17:36:10,723] [INFO] [MBP][driver.py - line:33] 连接设备:79URX19227000484
[2019-04-11 17:36:10,723] [INFO] [MBP][conftest.py - line:21] driver初始化
[2019-04-11 17:36:16,659] [INFO] [MBP][base.py - line:195] 等待「微信发现」元素出现
[2019-04-11 17:36:16,724] [INFO] [MBP][base.py - line:184] 展示文字
[2019-04-11 17:36:17,791] [INFO] [MBP][base.py - line:115] 向下滑动
[2019-04-11 17:36:20,297] [INFO] [MBP][base.py - line:41] 点击元素:「小熊家长会」
[2019-04-11 17:36:22,317] [INFO] [MBP][base.py - line:195] 等待「历史班级」元素出现
[2019-04-11 17:36:22,373] [INFO] [MBP][base.py - line:184] 展示文字
[2019-04-11 17:36:23,652] [INFO] [MBP][base.py - line:53] 点击元素「小程序我的页」
[2019-04-11 17:36:23,652] [INFO] [MBP][test_mine.py - line:23] 初始化我的模块
[2019-04-11 17:36:24,062] [INFO] [MBP][base.py - line:195] 等待「编号:619151」元素出现
[2019-04-11 17:36:26,961] [INFO] [MBP][base.py - line:41] 点击元素:「专属花朵」
[2019-04-11 17:36:27,319] [INFO] [MBP][base.py - line:249] 断言「会员定制花朵 任性送老师」元素存在,成功了!
[2019-04-11 17:36:30,163] [INFO] [MBP][base.py - line:41] 点击元素:「✖」
[2019-04-11 17:36:30,164] [INFO] [MBP][test_mine.py - line:25] 结束我的模块
[2019-04-11 17:36:30,166] [INFO] [MBP][conftest.py - line:27] 自动化测试结束!
[2019-04-11 17:36:30,491] [INFO] [MBP][conftest.py - line:19] 自动化测试开始!
[2019-04-11 17:36:30,492] [INFO] [MBP][driver.py - line:23] 79URX19227000484
[2019-04-11 17:36:30,627] [INFO] [MBP][driver.py - line:33] 连接设备:79URX19227000484
[2019-04-11 17:36:30,627] [INFO] [MBP][conftest.py - line:21] driver初始化
[2019-04-11 17:36:36,745] [INFO] [MBP][base.py - line:195] 等待「微信发现」元素出现
[2019-04-11 17:36:36,812] [INFO] [MBP][base.py - line:184] 展示文字
[2019-04-11 17:36:37,777] [INFO] [MBP][base.py - line:115] 向下滑动
[2019-04-11 17:36:40,693] [INFO] [MBP][base.py - line:41] 点击元素:「小熊家长会」
[2019-04-11 17:36:42,905] [INFO] [MBP][base.py - line:195] 等待「历史班级」元素出现
[2019-04-11 17:36:42,964] [INFO] [MBP][base.py - line:184] 展示文字
[2019-04-11 17:36:44,237] [INFO] [MBP][base.py - line:53] 点击元素「小程序我的页」
[2019-04-11 17:36:44,238] [INFO] [MBP][test_mine.py - line:23] 初始化我的模块
[2019-04-11 17:36:45,813] [INFO] [MBP][base.py - line:107] 向上滑动
[2019-04-11 17:36:49,096] [INFO] [MBP][base.py - line:41] 点击元素:「日记本」
[2019-04-11 17:36:52,640] [INFO] [MBP][base.py - line:41] 点击元素:「我的评论」
[2019-04-11 17:36:53,621] [INFO] [MBP][base.py - line:249] 断言「这是评论」元素存在,成功了!
[2019-04-11 17:36:53,622] [INFO] [MBP][test_mine.py - line:25] 结束我的模块
[2019-04-11 17:36:53,624] [INFO] [MBP][conftest.py - line:27] 自动化测试结束!
[2019-04-11 17:36:53,910] [INFO] [MBP][conftest.py - line:19] 自动化测试开始!
[2019-04-11 17:36:53,910] [INFO] [MBP][driver.py - line:23] 79URX19227000484
[2019-04-11 17:36:54,049] [INFO] [MBP][driver.py - line:33] 连接设备:79URX19227000484
[2019-04-11 17:36:54,049] [INFO] [MBP][conftest.py - line:21] driver初始化
[2019-04-11 17:36:59,820] [INFO] [MBP][base.py - line:195] 等待「微信发现」元素出现
[2019-04-11 17:36:59,885] [INFO] [MBP][base.py - line:184] 展示文字
[2019-04-11 17:37:01,064] [INFO] [MBP][base.py - line:115] 向下滑动
[2019-04-11 17:37:03,632] [INFO] [MBP][base.py - line:41] 点击元素:「小熊家长会」
[2019-04-11 17:37:05,767] [INFO] [MBP][base.py - line:195] 等待「历史班级」元素出现
[2019-04-11 17:37:05,823] [INFO] [MBP][base.py - line:184] 展示文字
[2019-04-11 17:37:07,134] [INFO] [MBP][base.py - line:53] 点击元素「小程序我的页」
[2019-04-11 17:37:07,134] [INFO] [MBP][test_mine.py - line:23] 初始化我的模块
[2019-04-11 17:37:08,713] [INFO] [MBP][base.py - line:107] 向上滑动
[2019-04-11 17:37:11,807] [INFO] [MBP][base.py - line:41] 点击元素:「日记本」
[2019-04-11 17:37:15,163] [INFO] [MBP][base.py - line:41] 点击元素:「我的赞」
[2019-04-11 17:37:16,141] [INFO] [MBP][base.py - line:249] 断言「图为证」元素存在,成功了!
[2019-04-11 17:37:16,141] [INFO] [MBP][test_mine.py - line:25] 结束我的模块
[2019-04-11 17:37:16,142] [INFO] [MBP][conftest.py - line:27] 自动化测试结束!
[2019-04-11 17:37:16,430] [INFO] [MBP][conftest.py - line:19] 自动化测试开始!
[2019-04-11 17:37:16,430] [INFO] [MBP][driver.py - line:23] 79URX19227000484
[2019-04-11 17:37:16,556] [INFO] [MBP][driver.py - line:33] 连接设备:79URX19227000484
[2019-04-11 17:37:16,556] [INFO] [MBP][conftest.py - line:21] driver初始化
[2019-04-11 17:37:22,525] [INFO] [MBP][base.py - line:195] 等待「微信发现」元素出现
[2019-04-11 17:37:22,592] [INFO] [MBP][base.py - line:184] 展示文字
[2019-04-11 17:37:23,676] [INFO] [MBP][base.py - line:115] 向下滑动
[2019-04-11 17:37:26,621] [INFO] [MBP][base.py - line:41] 点击元素:「小熊家长会」
[2019-04-11 17:37:28,960] [INFO] [MBP][base.py - line:195] 等待「历史班级」元素出现
[2019-04-11 17:37:29,019] [INFO] [MBP][base.py - line:184] 展示文字
[2019-04-11 17:37:30,331] [INFO] [MBP][base.py - line:53] 点击元素「小程序我的页」
[2019-04-11 17:37:30,331] [INFO] [MBP][test_mine.py - line:23] 初始化我的模块
[2019-04-11 17:37:31,863] [INFO] [MBP][base.py - line:107] 向上滑动
[2019-04-11 17:37:35,107] [INFO] [MBP][base.py - line:41] 点击元素:「日记本」
[2019-04-11 17:37:38,652] [INFO] [MBP][base.py - line:41] 点击元素:「群名：图」
[2019-04-11 17:37:39,436] [INFO] [MBP][base.py - line:249] 断言「2019.04.08」元素存在,成功了!
[2019-04-11 17:37:39,437] [INFO] [MBP][test_mine.py - line:25] 结束我的模块
[2019-04-11 17:37:39,439] [INFO] [MBP][conftest.py - line:27] 自动化测试结束!
[2019-04-11 17:37:39,762] [INFO] [MBP][conftest.py - line:19] 自动化测试开始!
[2019-04-11 17:37:39,762] [INFO] [MBP][driver.py - line:23] 79URX19227000484
[2019-04-11 17:37:39,912] [INFO] [MBP][driver.py - line:33] 连接设备:79URX19227000484
[2019-04-11 17:37:39,913] [INFO] [MBP][conftest.py - line:21] driver初始化
[2019-04-11 17:37:46,025] [INFO] [MBP][base.py - line:195] 等待「微信发现」元素出现
[2019-04-11 17:37:46,089] [INFO] [MBP][base.py - line:184] 展示文字
[2019-04-11 17:37:47,243] [INFO] [MBP][base.py - line:115] 向下滑动
[2019-04-11 17:37:50,597] [INFO] [MBP][base.py - line:41] 点击元素:「小熊家长会」
[2019-04-11 17:37:52,707] [INFO] [MBP][base.py - line:195] 等待「历史班级」元素出现
[2019-04-11 17:37:52,760] [INFO] [MBP][base.py - line:184] 展示文字
[2019-04-11 17:37:54,054] [INFO] [MBP][base.py - line:53] 点击元素「小程序我的页」
[2019-04-11 17:37:54,054] [INFO] [MBP][test_mine.py - line:23] 初始化我的模块
[2019-04-11 17:37:55,663] [INFO] [MBP][base.py - line:107] 向上滑动
[2019-04-11 17:37:58,802] [INFO] [MBP][base.py - line:41] 点击元素:「礼物兑换」
[2019-04-11 17:37:59,520] [INFO] [MBP][base.py - line:249] 断言「礼物兑换」元素存在,成功了!
[2019-04-11 17:37:59,521] [INFO] [MBP][test_mine.py - line:25] 结束我的模块
[2019-04-11 17:37:59,522] [INFO] [MBP][conftest.py - line:27] 自动化测试结束!
[2019-04-11 17:37:59,898] [INFO] [MBP][conftest.py - line:19] 自动化测试开始!
[2019-04-11 17:37:59,898] [INFO] [MBP][driver.py - line:23] 79URX19227000484
[2019-04-11 17:38:00,035] [INFO] [MBP][driver.py - line:33] 连接设备:79URX19227000484
[2019-04-11 17:38:00,036] [INFO] [MBP][conftest.py - line:21] driver初始化
[2019-04-11 17:38:06,073] [INFO] [MBP][base.py - line:195] 等待「微信发现」元素出现
[2019-04-11 17:38:06,134] [INFO] [MBP][base.py - line:184] 展示文字
[2019-04-11 17:38:07,180] [INFO] [MBP][base.py - line:115] 向下滑动
[2019-04-11 17:38:10,074] [INFO] [MBP][base.py - line:41] 点击元素:「小熊家长会」
[2019-04-11 17:38:11,680] [INFO] [MBP][base.py - line:195] 等待「历史班级」元素出现
[2019-04-11 17:38:11,743] [INFO] [MBP][base.py - line:184] 展示文字
[2019-04-11 17:38:13,025] [INFO] [MBP][base.py - line:53] 点击元素「小程序我的页」
[2019-04-11 17:38:13,026] [INFO] [MBP][test_mine.py - line:23] 初始化我的模块
[2019-04-11 17:38:15,575] [INFO] [MBP][base.py - line:107] 向上滑动
[2019-04-11 17:38:18,225] [INFO] [MBP][base.py - line:41] 点击元素:「排行榜」
[2019-04-11 17:38:18,357] [INFO] [MBP][base.py - line:249] 断言「第1名」元素存在,成功了!
[2019-04-11 17:38:18,489] [INFO] [MBP][base.py - line:249] 断言「一年级一班」元素存在,成功了!
[2019-04-11 17:38:21,095] [INFO] [MBP][base.py - line:41] 点击元素:「积分榜」
[2019-04-11 17:38:21,288] [INFO] [MBP][base.py - line:249] 断言「实验三小2018级3班」元素存在,成功了!
[2019-04-11 17:38:21,289] [INFO] [MBP][test_mine.py - line:25] 结束我的模块
[2019-04-11 17:38:21,291] [INFO] [MBP][conftest.py - line:27] 自动化测试结束!
[2019-04-11 17:38:21,601] [INFO] [MBP][conftest.py - line:19] 自动化测试开始!
[2019-04-11 17:38:21,602] [INFO] [MBP][driver.py - line:23] 79URX19227000484
[2019-04-11 17:38:21,754] [INFO] [MBP][driver.py - line:33] 连接设备:79URX19227000484
[2019-04-11 17:38:21,754] [INFO] [MBP][conftest.py - line:21] driver初始化
[2019-04-11 17:38:27,748] [INFO] [MBP][base.py - line:195] 等待「微信发现」元素出现
[2019-04-11 17:38:27,805] [INFO] [MBP][base.py - line:184] 展示文字
[2019-04-11 17:38:28,892] [INFO] [MBP][base.py - line:115] 向下滑动
[2019-04-11 17:38:31,772] [INFO] [MBP][base.py - line:41] 点击元素:「小熊家长会」
[2019-04-11 17:38:33,877] [INFO] [MBP][base.py - line:195] 等待「历史班级」元素出现
[2019-04-11 17:38:33,933] [INFO] [MBP][base.py - line:184] 展示文字
[2019-04-11 17:38:35,218] [INFO] [MBP][base.py - line:53] 点击元素「小程序我的页」
[2019-04-11 17:38:35,219] [INFO] [MBP][test_mine.py - line:23] 初始化我的模块
[2019-04-11 17:38:37,726] [INFO] [MBP][base.py - line:107] 向上滑动
[2019-04-11 17:38:40,889] [INFO] [MBP][base.py - line:41] 点击元素:「排行榜」
[2019-04-11 17:38:41,683] [INFO] [MBP][base.py - line:249] 断言「第1名」元素存在,成功了!
[2019-04-11 17:38:42,133] [INFO] [MBP][base.py - line:249] 断言「一年级一班」元素存在,成功了!
[2019-04-11 17:38:45,259] [INFO] [MBP][base.py - line:41] 点击元素:「鲜花榜」
[2019-04-11 17:38:46,151] [INFO] [MBP][base.py - line:249] 断言「Linda」元素存在,成功了!
[2019-04-11 17:38:46,153] [INFO] [MBP][test_mine.py - line:25] 结束我的模块
[2019-04-11 17:38:46,154] [INFO] [MBP][conftest.py - line:27] 自动化测试结束!
[2019-04-11 17:38:46,501] [INFO] [MBP][conftest.py - line:19] 自动化测试开始!
[2019-04-11 17:38:46,502] [INFO] [MBP][driver.py - line:23] 79URX19227000484
[2019-04-11 17:38:46,669] [INFO] [MBP][driver.py - line:33] 连接设备:79URX19227000484
[2019-04-11 17:38:46,669] [INFO] [MBP][conftest.py - line:21] driver初始化
[2019-04-11 17:38:52,689] [INFO] [MBP][base.py - line:195] 等待「微信发现」元素出现
[2019-04-11 17:38:52,749] [INFO] [MBP][base.py - line:184] 展示文字
[2019-04-11 17:38:53,947] [INFO] [MBP][base.py - line:115] 向下滑动
[2019-04-11 17:38:56,955] [INFO] [MBP][base.py - line:41] 点击元素:「小熊家长会」
[2019-04-11 17:38:59,841] [INFO] [MBP][base.py - line:195] 等待「历史班级」元素出现
[2019-04-11 17:38:59,896] [INFO] [MBP][base.py - line:184] 展示文字
[2019-04-11 17:39:01,204] [INFO] [MBP][base.py - line:53] 点击元素「小程序我的页」
[2019-04-11 17:39:01,204] [INFO] [MBP][test_mine.py - line:23] 初始化我的模块
[2019-04-11 17:39:03,698] [INFO] [MBP][base.py - line:107] 向上滑动
[2019-04-11 17:39:06,459] [INFO] [MBP][base.py - line:41] 点击元素:「排行榜」
[2019-04-11 17:39:08,742] [INFO] [MBP][base.py - line:249] 断言「第1名」元素存在,成功了!
[2019-04-11 17:39:08,993] [INFO] [MBP][base.py - line:249] 断言「一年级一班」元素存在,成功了!
[2019-04-11 17:39:11,876] [INFO] [MBP][base.py - line:41] 点击元素:「勋章榜」
[2019-04-11 17:39:12,575] [INFO] [MBP][base.py - line:249] 断言「Linda」元素存在,成功了!
[2019-04-11 17:39:12,578] [INFO] [MBP][test_mine.py - line:25] 结束我的模块
[2019-04-11 17:39:12,579] [INFO] [MBP][conftest.py - line:27] 自动化测试结束!
[2019-04-11 17:39:12,983] [INFO] [MBP][conftest.py - line:19] 自动化测试开始!
[2019-04-11 17:39:12,983] [INFO] [MBP][driver.py - line:23] 79URX19227000484
[2019-04-11 17:39:13,108] [INFO] [MBP][driver.py - line:33] 连接设备:79URX19227000484
[2019-04-11 17:39:13,108] [INFO] [MBP][conftest.py - line:21] driver初始化
[2019-04-11 17:39:19,114] [INFO] [MBP][base.py - line:195] 等待「微信发现」元素出现
[2019-04-11 17:39:19,183] [INFO] [MBP][base.py - line:184] 展示文字
[2019-04-11 17:39:20,187] [INFO] [MBP][base.py - line:115] 向下滑动
[2019-04-11 17:39:23,027] [INFO] [MBP][base.py - line:41] 点击元素:「小熊家长会」
[2019-04-11 17:39:27,315] [INFO] [MBP][base.py - line:195] 等待「历史班级」元素出现
[2019-04-11 17:39:27,378] [INFO] [MBP][base.py - line:184] 展示文字
[2019-04-11 17:39:28,651] [INFO] [MBP][base.py - line:53] 点击元素「小程序我的页」
[2019-04-11 17:39:28,652] [INFO] [MBP][test_mine.py - line:23] 初始化我的模块
[2019-04-11 17:39:30,149] [INFO] [MBP][base.py - line:107] 向上滑动
[2019-04-11 17:39:33,152] [INFO] [MBP][base.py - line:41] 点击元素:「分享小熊打卡」
[2019-04-11 17:39:34,711] [INFO] [MBP][base.py - line:249] 断言「创建新聊天」元素存在,成功了!
[2019-04-11 17:39:34,712] [INFO] [MBP][test_mine.py - line:25] 结束我的模块
[2019-04-11 17:39:34,713] [INFO] [MBP][conftest.py - line:27] 自动化测试结束!
[2019-04-11 17:39:35,038] [INFO] [MBP][conftest.py - line:19] 自动化测试开始!
[2019-04-11 17:39:35,038] [INFO] [MBP][driver.py - line:23] 79URX19227000484
[2019-04-11 17:39:36,928] [INFO] [MBP][driver.py - line:33] 连接设备:79URX19227000484
[2019-04-11 17:39:36,929] [INFO] [MBP][conftest.py - line:21] driver初始化
[2019-04-11 17:39:42,420] [INFO] [MBP][base.py - line:195] 等待「微信发现」元素出现
[2019-04-11 17:39:42,482] [INFO] [MBP][base.py - line:184] 展示文字
[2019-04-11 17:39:43,498] [INFO] [MBP][base.py - line:115] 向下滑动
[2019-04-11 17:39:46,096] [INFO] [MBP][base.py - line:41] 点击元素:「小熊家长会」
[2019-04-11 17:39:48,621] [INFO] [MBP][base.py - line:195] 等待「历史班级」元素出现
[2019-04-11 17:39:48,676] [INFO] [MBP][base.py - line:184] 展示文字
[2019-04-11 17:39:49,955] [INFO] [MBP][base.py - line:53] 点击元素「小程序我的页」
[2019-04-11 17:39:49,956] [INFO] [MBP][test_mine.py - line:23] 初始化我的模块
[2019-04-11 17:39:51,446] [INFO] [MBP][base.py - line:107] 向上滑动
[2019-04-11 17:39:54,516] [INFO] [MBP][base.py - line:41] 点击元素:「帮助与反馈」
[2019-04-11 17:39:55,860] [INFO] [MBP][base.py - line:249] 断言「吐个槽社区」元素存在,成功了!
[2019-04-11 17:39:55,861] [INFO] [MBP][test_mine.py - line:25] 结束我的模块
[2019-04-11 17:39:55,864] [INFO] [MBP][conftest.py - line:27] 自动化测试结束!
[2019-04-11 17:39:56,125] [INFO] [MBP][conftest.py - line:19] 自动化测试开始!
[2019-04-11 17:39:56,125] [INFO] [MBP][driver.py - line:23] 79URX19227000484
[2019-04-11 17:39:56,352] [INFO] [MBP][driver.py - line:33] 连接设备:79URX19227000484
[2019-04-11 17:39:56,352] [INFO] [MBP][conftest.py - line:21] driver初始化
[2019-04-11 17:40:02,768] [INFO] [MBP][base.py - line:195] 等待「微信发现」元素出现
[2019-04-11 17:40:02,834] [INFO] [MBP][base.py - line:184] 展示文字
[2019-04-11 17:40:03,864] [INFO] [MBP][base.py - line:115] 向下滑动
[2019-04-11 17:40:06,769] [INFO] [MBP][base.py - line:41] 点击元素:「小熊家长会」
[2019-04-11 17:40:12,318] [INFO] [MBP][base.py - line:41] 点击元素:「图」
[2019-04-11 17:40:12,515] [INFO] [MBP][base.py - line:195] 等待「邀请打卡」元素出现
[2019-04-11 17:40:12,516] [INFO] [MBP][test_course_basic.py - line:23] 初始化基础课程页面
[2019-04-11 17:40:13,822] [INFO] [MBP][base.py - line:53] 点击元素「老师收花列表」
[2019-04-11 17:40:14,435] [INFO] [MBP][base.py - line:249] 断言「给老师送花」元素存在,成功了!
[2019-04-11 17:40:14,438] [INFO] [MBP][test_course_basic.py - line:25] 结束基础课程页面
[2019-04-11 17:40:14,440] [INFO] [MBP][conftest.py - line:27] 自动化测试结束!
[2019-04-11 17:40:14,755] [INFO] [MBP][conftest.py - line:19] 自动化测试开始!
[2019-04-11 17:40:14,755] [INFO] [MBP][driver.py - line:23] 79URX19227000484
[2019-04-11 17:40:14,928] [INFO] [MBP][driver.py - line:33] 连接设备:79URX19227000484
[2019-04-11 17:40:14,929] [INFO] [MBP][conftest.py - line:21] driver初始化
[2019-04-11 17:40:21,057] [INFO] [MBP][base.py - line:195] 等待「微信发现」元素出现
[2019-04-11 17:40:21,115] [INFO] [MBP][base.py - line:184] 展示文字
[2019-04-11 17:40:22,209] [INFO] [MBP][base.py - line:115] 向下滑动
[2019-04-11 17:40:25,071] [INFO] [MBP][base.py - line:41] 点击元素:「小熊家长会」
[2019-04-11 17:40:30,318] [INFO] [MBP][base.py - line:41] 点击元素:「图」
[2019-04-11 17:40:31,428] [INFO] [MBP][base.py - line:195] 等待「邀请打卡」元素出现
[2019-04-11 17:40:31,428] [INFO] [MBP][test_course_basic.py - line:23] 初始化基础课程页面
[2019-04-11 17:40:32,713] [INFO] [MBP][base.py - line:53] 点击元素「更多设置」
[2019-04-11 17:40:36,295] [INFO] [MBP][base.py - line:41] 点击元素:「设置」
[2019-04-11 17:40:37,553] [INFO] [MBP][base.py - line:53] 点击元素「切换点评消息提醒」
[2019-04-11 17:40:38,830] [INFO] [MBP][base.py - line:249] 断言「群主点评消息提醒」元素存在,成功了!
[2019-04-11 17:40:42,432] [INFO] [MBP][base.py - line:41] 点击元素:「保存并退出」
[2019-04-11 17:40:53,810] [INFO] [MBP][base.py - line:262] 断言「群主点评消息提醒」元素不存在,成功了!
[2019-04-11 17:40:53,814] [INFO] [MBP][test_course_basic.py - line:25] 结束基础课程页面
[2019-04-11 17:40:53,816] [INFO] [MBP][conftest.py - line:27] 自动化测试结束!
[2019-04-11 17:40:54,128] [INFO] [MBP][conftest.py - line:19] 自动化测试开始!
[2019-04-11 17:40:54,128] [INFO] [MBP][driver.py - line:23] 79URX19227000484
[2019-04-11 17:40:54,276] [INFO] [MBP][driver.py - line:33] 连接设备:79URX19227000484
[2019-04-11 17:40:54,276] [INFO] [MBP][conftest.py - line:21] driver初始化
[2019-04-11 17:41:00,744] [INFO] [MBP][base.py - line:195] 等待「微信发现」元素出现
[2019-04-11 17:41:00,806] [INFO] [MBP][base.py - line:184] 展示文字
[2019-04-11 17:42:01,231] [INFO] [MBP][conftest.py - line:27] 自动化测试结束!
[2019-04-11 17:42:01,538] [INFO] [MBP][conftest.py - line:19] 自动化测试开始!
[2019-04-11 17:42:01,538] [INFO] [MBP][driver.py - line:23] 79URX19227000484
[2019-04-11 17:42:03,559] [WARNING] [MBP][connectionpool.py - line:662] Retrying (Retry(total=2, connect=None, read=None, redirect=None, status=None)) after connection broken by 'ReadTimeoutError("HTTPConnectionPool(host='127.0.0.1', port=61618): Read timed out. (read timeout=2)")': /ping
[2019-04-11 17:42:05,561] [WARNING] [MBP][connectionpool.py - line:662] Retrying (Retry(total=1, connect=None, read=None, redirect=None, status=None)) after connection broken by 'ReadTimeoutError("HTTPConnectionPool(host='127.0.0.1', port=61618): Read timed out. (read timeout=2)")': /ping
[2019-04-11 17:42:07,563] [WARNING] [MBP][connectionpool.py - line:662] Retrying (Retry(total=0, connect=None, read=None, redirect=None, status=None)) after connection broken by 'ReadTimeoutError("HTTPConnectionPool(host='127.0.0.1', port=61618): Read timed out. (read timeout=2)")': /ping
[2019-04-11 17:42:14,229] [INFO] [MBP][driver.py - line:33] 连接设备:79URX19227000484
[2019-04-11 17:42:14,230] [INFO] [MBP][conftest.py - line:21] driver初始化
[2019-04-11 17:42:19,908] [INFO] [MBP][base.py - line:195] 等待「微信发现」元素出现
[2019-04-11 17:42:19,941] [INFO] [MBP][base.py - line:184] 展示文字
[2019-04-11 17:42:20,970] [INFO] [MBP][base.py - line:115] 向下滑动
[2019-04-11 17:42:23,984] [INFO] [MBP][base.py - line:41] 点击元素:「小熊家长会」
[2019-04-11 17:42:36,225] [INFO] [MBP][base.py - line:41] 点击元素:「图」
[2019-04-11 17:42:36,461] [INFO] [MBP][base.py - line:195] 等待「邀请打卡」元素出现
[2019-04-11 17:42:36,462] [INFO] [MBP][test_course_basic.py - line:23] 初始化基础课程页面
[2019-04-11 17:42:37,702] [INFO] [MBP][base.py - line:53] 点击元素「进入打卡」
[2019-04-11 17:42:38,307] [INFO] [MBP][base.py - line:249] 断言「录音」元素存在,成功了!
[2019-04-11 17:42:38,460] [INFO] [MBP][base.py - line:249] 断言「图片」元素存在,成功了!
[2019-04-11 17:42:38,591] [INFO] [MBP][base.py - line:249] 断言「视频」元素存在,成功了!
[2019-04-11 17:42:39,663] [INFO] [MBP][base.py - line:70] 输入文字「测试打卡内容」
[2019-04-11 17:42:39,808] [INFO] [MBP][base.py - line:174] 点击返回
[2019-04-11 17:42:42,897] [INFO] [MBP][base.py - line:41] 点击元素:「发表日志」
[2019-04-11 17:42:43,199] [INFO] [MBP][base.py - line:249] 断言「删除」元素存在,成功了!
[2019-04-11 17:42:43,199] [INFO] [MBP][test_course_basic.py - line:25] 结束基础课程页面
[2019-04-11 17:42:43,200] [INFO] [MBP][conftest.py - line:27] 自动化测试结束!
[2019-04-11 17:42:43,466] [INFO] [MBP][conftest.py - line:19] 自动化测试开始!
[2019-04-11 17:42:43,466] [INFO] [MBP][driver.py - line:23] 79URX19227000484
[2019-04-11 17:42:43,661] [INFO] [MBP][driver.py - line:33] 连接设备:79URX19227000484
[2019-04-11 17:42:43,661] [INFO] [MBP][conftest.py - line:21] driver初始化
[2019-04-11 17:42:50,595] [INFO] [MBP][base.py - line:195] 等待「微信发现」元素出现
[2019-04-11 17:42:50,626] [INFO] [MBP][base.py - line:184] 展示文字
[2019-04-11 17:42:51,738] [INFO] [MBP][base.py - line:115] 向下滑动
[2019-04-11 17:42:54,651] [INFO] [MBP][base.py - line:41] 点击元素:「小熊家长会」
[2019-04-11 17:43:01,272] [INFO] [MBP][base.py - line:41] 点击元素:「图」
[2019-04-11 17:43:02,542] [INFO] [MBP][base.py - line:195] 等待「邀请打卡」元素出现
[2019-04-11 17:43:02,542] [INFO] [MBP][test_course_basic.py - line:23] 初始化基础课程页面
[2019-04-11 17:43:06,015] [INFO] [MBP][base.py - line:41] 点击元素:「送花」
[2019-04-11 17:43:09,690] [INFO] [MBP][base.py - line:41] 点击元素:「送出」
[2019-04-11 17:43:14,669] [INFO] [MBP][base.py - line:206] 等待「绘制送花图片中」元素消失
[2019-04-11 17:43:18,022] [INFO] [MBP][base.py - line:41] 点击元素:「确认送出」
[2019-04-11 17:43:21,222] [INFO] [MBP][base.py - line:41] 点击元素:「确认」
[2019-04-11 17:43:23,147] [INFO] [MBP][base.py - line:249] 断言「送花」元素存在,成功了!
[2019-04-11 17:43:23,148] [INFO] [MBP][test_course_basic.py - line:25] 结束基础课程页面
[2019-04-11 17:43:23,149] [INFO] [MBP][conftest.py - line:27] 自动化测试结束!
[2019-04-11 17:43:23,560] [INFO] [MBP][conftest.py - line:19] 自动化测试开始!
[2019-04-11 17:43:23,560] [INFO] [MBP][driver.py - line:23] 79URX19227000484
[2019-04-11 17:43:23,714] [INFO] [MBP][driver.py - line:33] 连接设备:79URX19227000484
[2019-04-11 17:43:23,714] [INFO] [MBP][conftest.py - line:21] driver初始化
[2019-04-11 17:43:31,094] [INFO] [MBP][base.py - line:195] 等待「微信发现」元素出现
[2019-04-11 17:43:31,126] [INFO] [MBP][base.py - line:184] 展示文字
[2019-04-11 17:43:32,061] [INFO] [MBP][base.py - line:115] 向下滑动
[2019-04-11 17:43:34,832] [INFO] [MBP][base.py - line:41] 点击元素:「小熊家长会」
[2019-04-11 17:43:42,349] [INFO] [MBP][base.py - line:41] 点击元素:「图」
[2019-04-11 17:43:42,575] [INFO] [MBP][base.py - line:195] 等待「邀请打卡」元素出现
[2019-04-11 17:43:42,575] [INFO] [MBP][test_course_basic.py - line:23] 初始化基础课程页面
[2019-04-11 17:43:45,063] [INFO] [MBP][base.py - line:41] 点击元素:「消息」
[2019-04-11 17:44:07,406] [INFO] [MBP][test_course_basic.py - line:25] 结束基础课程页面
[2019-04-11 17:44:07,408] [INFO] [MBP][conftest.py - line:27] 自动化测试结束!
[2019-04-11 17:44:07,698] [INFO] [MBP][conftest.py - line:19] 自动化测试开始!
[2019-04-11 17:44:07,698] [INFO] [MBP][driver.py - line:23] 79URX19227000484
[2019-04-11 17:44:07,848] [INFO] [MBP][driver.py - line:33] 连接设备:79URX19227000484
[2019-04-11 17:44:07,848] [INFO] [MBP][conftest.py - line:21] driver初始化
[2019-04-11 17:44:13,975] [INFO] [MBP][base.py - line:195] 等待「微信发现」元素出现
[2019-04-11 17:44:14,001] [INFO] [MBP][base.py - line:184] 展示文字
[2019-04-11 17:44:14,978] [INFO] [MBP][base.py - line:115] 向下滑动
[2019-04-11 17:44:17,792] [INFO] [MBP][base.py - line:41] 点击元素:「小熊家长会」
[2019-04-11 17:44:31,436] [INFO] [MBP][base.py - line:41] 点击元素:「图」
[2019-04-11 17:44:32,659] [INFO] [MBP][base.py - line:195] 等待「邀请打卡」元素出现
[2019-04-11 17:44:32,660] [INFO] [MBP][test_course_basic.py - line:23] 初始化基础课程页面
[2019-04-11 17:44:36,166] [INFO] [MBP][base.py - line:41] 点击元素:「消息」
[2019-04-11 17:44:40,198] [INFO] [MBP][base.py - line:41] 点击元素:「点赞评论(0)」
[2019-04-11 17:45:02,078] [INFO] [MBP][test_course_basic.py - line:25] 结束基础课程页面
[2019-04-11 17:45:02,081] [INFO] [MBP][conftest.py - line:27] 自动化测试结束!
[2019-04-11 17:45:02,393] [INFO] [MBP][conftest.py - line:19] 自动化测试开始!
[2019-04-11 17:45:02,393] [INFO] [MBP][driver.py - line:23] 79URX19227000484
[2019-04-11 17:45:02,527] [INFO] [MBP][driver.py - line:33] 连接设备:79URX19227000484
[2019-04-11 17:45:02,528] [INFO] [MBP][conftest.py - line:21] driver初始化
[2019-04-11 17:45:08,560] [INFO] [MBP][base.py - line:195] 等待「微信发现」元素出现
[2019-04-11 17:45:08,586] [INFO] [MBP][base.py - line:184] 展示文字
[2019-04-11 17:45:09,652] [INFO] [MBP][base.py - line:115] 向下滑动
[2019-04-11 17:45:12,641] [INFO] [MBP][base.py - line:41] 点击元素:「小熊家长会」
[2019-04-11 17:45:16,835] [INFO] [MBP][base.py - line:41] 点击元素:「图」
[2019-04-11 17:45:17,087] [INFO] [MBP][base.py - line:195] 等待「邀请打卡」元素出现
[2019-04-11 17:45:17,087] [INFO] [MBP][test_course_basic.py - line:23] 初始化基础课程页面
[2019-04-11 17:45:19,686] [INFO] [MBP][base.py - line:41] 点击元素:「消息」
[2019-04-11 17:45:42,730] [INFO] [MBP][test_course_basic.py - line:25] 结束基础课程页面
[2019-04-11 17:45:42,734] [INFO] [MBP][conftest.py - line:27] 自动化测试结束!
[2019-04-11 17:45:42,999] [INFO] [MBP][conftest.py - line:19] 自动化测试开始!
[2019-04-11 17:45:43,000] [INFO] [MBP][driver.py - line:23] 79URX19227000484
[2019-04-11 17:45:43,134] [INFO] [MBP][driver.py - line:33] 连接设备:79URX19227000484
[2019-04-11 17:45:43,135] [INFO] [MBP][conftest.py - line:21] driver初始化
[2019-04-11 17:45:49,276] [INFO] [MBP][base.py - line:195] 等待「微信发现」元素出现
[2019-04-11 17:45:49,302] [INFO] [MBP][base.py - line:184] 展示文字
[2019-04-11 17:45:50,320] [INFO] [MBP][base.py - line:115] 向下滑动
[2019-04-11 17:45:53,162] [INFO] [MBP][base.py - line:41] 点击元素:「小熊家长会」
[2019-04-11 17:45:58,116] [INFO] [MBP][base.py - line:41] 点击元素:「图」
[2019-04-11 17:45:59,397] [INFO] [MBP][base.py - line:195] 等待「邀请打卡」元素出现
[2019-04-11 17:45:59,397] [INFO] [MBP][test_course_basic.py - line:23] 初始化基础课程页面
[2019-04-11 17:46:02,616] [INFO] [MBP][base.py - line:41] 点击元素:「排行榜」
[2019-04-11 17:46:03,989] [INFO] [MBP][base.py - line:249] 断言「任天野」元素存在,成功了!
[2019-04-11 17:46:07,464] [INFO] [MBP][base.py - line:41] 点击元素:「鲜花榜」
[2019-04-11 17:46:08,150] [INFO] [MBP][base.py - line:249] 断言「我也去送花」元素存在,成功了!
[2019-04-11 17:46:11,801] [INFO] [MBP][base.py - line:41] 点击元素:「勋章榜」
[2019-04-11 17:46:12,446] [INFO] [MBP][base.py - line:249] 断言「赶紧成为排行榜第一名」元素存在,成功了!
[2019-04-11 17:46:12,447] [INFO] [MBP][test_course_basic.py - line:25] 结束基础课程页面
[2019-04-11 17:46:12,448] [INFO] [MBP][conftest.py - line:27] 自动化测试结束!
[2019-04-11 17:46:12,733] [INFO] [MBP][conftest.py - line:19] 自动化测试开始!
[2019-04-11 17:46:12,733] [INFO] [MBP][driver.py - line:23] 79URX19227000484
[2019-04-11 17:46:12,877] [INFO] [MBP][driver.py - line:33] 连接设备:79URX19227000484
[2019-04-11 17:46:12,877] [INFO] [MBP][conftest.py - line:21] driver初始化
[2019-04-11 17:46:19,004] [INFO] [MBP][base.py - line:195] 等待「微信发现」元素出现
[2019-04-11 17:46:19,042] [INFO] [MBP][base.py - line:184] 展示文字
[2019-04-11 17:46:20,155] [INFO] [MBP][base.py - line:115] 向下滑动
[2019-04-11 17:46:23,052] [INFO] [MBP][base.py - line:41] 点击元素:「小熊家长会」
[2019-04-11 17:46:30,139] [INFO] [MBP][base.py - line:41] 点击元素:「图」
[2019-04-11 17:46:30,313] [INFO] [MBP][base.py - line:195] 等待「邀请打卡」元素出现
[2019-04-11 17:46:30,313] [INFO] [MBP][test_course_basic.py - line:23] 初始化基础课程页面
[2019-04-11 17:46:32,806] [INFO] [MBP][base.py - line:41] 点击元素:「邀请打卡」
[2019-04-11 17:46:40,764] [INFO] [MBP][test_course_basic.py - line:25] 结束基础课程页面
[2019-04-11 17:46:40,766] [INFO] [MBP][conftest.py - line:27] 自动化测试结束!
[2019-04-11 17:46:41,099] [INFO] [MBP][conftest.py - line:19] 自动化测试开始!
[2019-04-11 17:46:41,099] [INFO] [MBP][driver.py - line:23] 79URX19227000484
[2019-04-11 17:46:41,237] [INFO] [MBP][driver.py - line:33] 连接设备:79URX19227000484
[2019-04-11 17:46:41,237] [INFO] [MBP][conftest.py - line:21] driver初始化
[2019-04-11 17:46:47,146] [INFO] [MBP][base.py - line:195] 等待「微信发现」元素出现
[2019-04-11 17:46:47,172] [INFO] [MBP][base.py - line:184] 展示文字
[2019-04-11 17:46:48,193] [INFO] [MBP][base.py - line:115] 向下滑动
[2019-04-11 17:46:50,976] [INFO] [MBP][base.py - line:41] 点击元素:「小熊家长会」
[2019-04-11 17:46:55,910] [INFO] [MBP][base.py - line:41] 点击元素:「图」
[2019-04-11 17:46:57,247] [INFO] [MBP][base.py - line:195] 等待「邀请打卡」元素出现
[2019-04-11 17:46:57,248] [INFO] [MBP][test_course_basic.py - line:23] 初始化基础课程页面
[2019-04-11 17:47:00,560] [INFO] [MBP][base.py - line:41] 点击元素:「邀请打卡」
[2019-04-11 17:47:02,163] [INFO] [MBP][base.py - line:249] 断言「创建新聊天」元素存在,成功了!
[2019-04-11 17:47:02,164] [INFO] [MBP][test_course_basic.py - line:25] 结束基础课程页面
[2019-04-11 17:47:02,165] [INFO] [MBP][conftest.py - line:27] 自动化测试结束!
[2019-04-11 17:47:02,478] [INFO] [MBP][conftest.py - line:19] 自动化测试开始!
[2019-04-11 17:47:02,478] [INFO] [MBP][driver.py - line:23] 79URX19227000484
[2019-04-11 17:47:04,423] [INFO] [MBP][driver.py - line:33] 连接设备:79URX19227000484
[2019-04-11 17:47:04,424] [INFO] [MBP][conftest.py - line:21] driver初始化
[2019-04-11 17:47:10,435] [INFO] [MBP][base.py - line:195] 等待「微信发现」元素出现
[2019-04-11 17:47:10,466] [INFO] [MBP][base.py - line:184] 展示文字
[2019-04-11 17:47:11,533] [INFO] [MBP][base.py - line:115] 向下滑动
[2019-04-11 17:47:13,962] [INFO] [MBP][base.py - line:41] 点击元素:「小熊家长会」
[2019-04-11 17:47:18,946] [INFO] [MBP][base.py - line:41] 点击元素:「图」
[2019-04-11 17:47:20,249] [INFO] [MBP][base.py - line:195] 等待「邀请打卡」元素出现
[2019-04-11 17:47:20,249] [INFO] [MBP][test_course_basic.py - line:23] 初始化基础课程页面
[2019-04-11 17:47:21,498] [INFO] [MBP][base.py - line:53] 点击元素「更多课程」
[2019-04-11 17:47:28,665] [INFO] [MBP][test_course_basic.py - line:25] 结束基础课程页面
[2019-04-11 17:47:28,667] [INFO] [MBP][conftest.py - line:27] 自动化测试结束!
[2019-04-11 17:47:28,927] [INFO] [MBP][conftest.py - line:19] 自动化测试开始!
[2019-04-11 17:47:28,927] [INFO] [MBP][driver.py - line:23] 79URX19227000484
[2019-04-11 17:47:29,255] [INFO] [MBP][driver.py - line:33] 连接设备:79URX19227000484
[2019-04-11 17:47:29,255] [INFO] [MBP][conftest.py - line:21] driver初始化
[2019-04-11 17:47:35,609] [INFO] [MBP][base.py - line:195] 等待「微信发现」元素出现
[2019-04-11 17:47:35,641] [INFO] [MBP][base.py - line:184] 展示文字
[2019-04-11 17:47:36,644] [INFO] [MBP][base.py - line:115] 向下滑动
[2019-04-11 17:47:39,411] [INFO] [MBP][base.py - line:41] 点击元素:「小熊家长会」
[2019-04-11 17:47:44,496] [INFO] [MBP][base.py - line:41] 点击元素:「图」
[2019-04-11 17:47:45,963] [INFO] [MBP][base.py - line:195] 等待「邀请打卡」元素出现
[2019-04-11 17:47:45,963] [INFO] [MBP][test_course_basic.py - line:23] 初始化基础课程页面
[2019-04-11 17:47:47,181] [INFO] [MBP][base.py - line:53] 点击元素「更多课程」
[2019-04-11 17:47:53,855] [INFO] [MBP][test_course_basic.py - line:25] 结束基础课程页面
[2019-04-11 17:47:53,859] [INFO] [MBP][conftest.py - line:27] 自动化测试结束!
[2019-04-11 17:47:54,122] [INFO] [MBP][conftest.py - line:19] 自动化测试开始!
[2019-04-11 17:47:54,123] [INFO] [MBP][driver.py - line:23] 79URX19227000484
[2019-04-11 17:47:54,226] [INFO] [MBP][driver.py - line:33] 连接设备:79URX19227000484
[2019-04-11 17:47:54,226] [INFO] [MBP][conftest.py - line:21] driver初始化
[2019-04-11 17:48:00,058] [INFO] [MBP][base.py - line:195] 等待「微信发现」元素出现
[2019-04-11 17:48:00,083] [INFO] [MBP][base.py - line:184] 展示文字
[2019-04-11 17:48:01,065] [INFO] [MBP][base.py - line:115] 向下滑动
[2019-04-11 17:48:03,493] [INFO] [MBP][base.py - line:41] 点击元素:「小熊家长会」
[2019-04-11 17:48:08,478] [INFO] [MBP][base.py - line:41] 点击元素:「图」
[2019-04-11 17:48:09,668] [INFO] [MBP][base.py - line:195] 等待「邀请打卡」元素出现
[2019-04-11 17:48:09,668] [INFO] [MBP][test_course_basic.py - line:23] 初始化基础课程页面
[2019-04-11 17:48:10,894] [INFO] [MBP][base.py - line:53] 点击元素「更多课程」
[2019-04-11 17:48:17,836] [INFO] [MBP][test_course_basic.py - line:25] 结束基础课程页面
[2019-04-11 17:48:17,838] [INFO] [MBP][conftest.py - line:27] 自动化测试结束!
[2019-04-11 17:48:18,153] [INFO] [MBP][conftest.py - line:19] 自动化测试开始!
[2019-04-11 17:48:18,153] [INFO] [MBP][driver.py - line:23] 79URX19227000484
[2019-04-11 17:48:18,242] [INFO] [MBP][driver.py - line:33] 连接设备:79URX19227000484
[2019-04-11 17:48:18,242] [INFO] [MBP][conftest.py - line:21] driver初始化
[2019-04-11 17:48:24,446] [INFO] [MBP][base.py - line:195] 等待「微信发现」元素出现
[2019-04-11 17:48:24,473] [INFO] [MBP][base.py - line:184] 展示文字
[2019-04-11 17:48:25,657] [INFO] [MBP][base.py - line:115] 向下滑动
[2019-04-11 17:48:28,469] [INFO] [MBP][base.py - line:41] 点击元素:「小熊家长会」
[2019-04-11 17:48:33,597] [INFO] [MBP][base.py - line:41] 点击元素:「图」
[2019-04-11 17:48:34,798] [INFO] [MBP][base.py - line:195] 等待「邀请打卡」元素出现
[2019-04-11 17:48:34,799] [INFO] [MBP][test_course_basic.py - line:23] 初始化基础课程页面
[2019-04-11 17:48:38,373] [INFO] [MBP][base.py - line:41] 点击元素:「快捷」
[2019-04-11 17:48:39,619] [INFO] [MBP][base.py - line:53] 点击元素「导航去送花」
[2019-04-11 17:48:40,257] [INFO] [MBP][base.py - line:249] 断言「添加祝福语」元素存在,成功了!
[2019-04-11 17:48:40,258] [INFO] [MBP][test_course_basic.py - line:25] 结束基础课程页面
[2019-04-11 17:48:40,259] [INFO] [MBP][conftest.py - line:27] 自动化测试结束!
[2019-04-11 17:48:40,559] [INFO] [MBP][conftest.py - line:19] 自动化测试开始!
[2019-04-11 17:48:40,559] [INFO] [MBP][driver.py - line:23] 79URX19227000484
[2019-04-11 17:48:40,649] [INFO] [MBP][driver.py - line:33] 连接设备:79URX19227000484
[2019-04-11 17:48:40,649] [INFO] [MBP][conftest.py - line:21] driver初始化
[2019-04-11 17:48:46,454] [INFO] [MBP][base.py - line:195] 等待「微信发现」元素出现
[2019-04-11 17:48:46,481] [INFO] [MBP][base.py - line:184] 展示文字
[2019-04-11 17:48:47,604] [INFO] [MBP][base.py - line:115] 向下滑动
[2019-04-11 17:48:50,062] [INFO] [MBP][base.py - line:41] 点击元素:「小熊家长会」
[2019-04-11 17:48:55,209] [INFO] [MBP][base.py - line:41] 点击元素:「图」
[2019-04-11 17:48:56,613] [INFO] [MBP][base.py - line:195] 等待「邀请打卡」元素出现
[2019-04-11 17:48:56,613] [INFO] [MBP][test_course_basic.py - line:23] 初始化基础课程页面
[2019-04-11 17:49:00,882] [INFO] [MBP][base.py - line:41] 点击元素:「评论」
[2019-04-11 17:49:03,534] [INFO] [MBP][base.py - line:70] 输入文字「评论」
[2019-04-11 17:49:03,631] [INFO] [MBP][base.py - line:174] 点击返回
[2019-04-11 17:49:08,616] [INFO] [MBP][base.py - line:41] 点击元素:「发表评论」
[2019-04-11 17:49:09,720] [INFO] [MBP][base.py - line:249] 断言「Rhapsody」元素存在,成功了!
[2019-04-11 17:49:09,720] [INFO] [MBP][test_course_basic.py - line:25] 结束基础课程页面
[2019-04-11 17:49:09,722] [INFO] [MBP][conftest.py - line:27] 自动化测试结束!
[2019-04-11 17:49:10,113] [INFO] [MBP][conftest.py - line:19] 自动化测试开始!
[2019-04-11 17:49:10,113] [INFO] [MBP][driver.py - line:23] 79URX19227000484
[2019-04-11 17:49:10,198] [INFO] [MBP][driver.py - line:33] 连接设备:79URX19227000484
[2019-04-11 17:49:10,198] [INFO] [MBP][conftest.py - line:21] driver初始化
[2019-04-11 17:49:16,466] [INFO] [MBP][base.py - line:195] 等待「微信发现」元素出现
[2019-04-11 17:49:16,489] [INFO] [MBP][base.py - line:184] 展示文字
[2019-04-11 17:49:17,543] [INFO] [MBP][base.py - line:115] 向下滑动
[2019-04-11 17:49:20,352] [INFO] [MBP][base.py - line:41] 点击元素:「小熊家长会」
[2019-04-11 17:49:25,595] [INFO] [MBP][base.py - line:41] 点击元素:「图」
[2019-04-11 17:49:27,023] [INFO] [MBP][base.py - line:195] 等待「邀请打卡」元素出现
[2019-04-11 17:49:27,024] [INFO] [MBP][test_course_basic.py - line:23] 初始化基础课程页面
[2019-04-11 17:49:30,413] [INFO] [MBP][base.py - line:41] 点击元素:「Rhapsody」
[2019-04-11 17:49:31,663] [INFO] [MBP][base.py - line:53] 点击元素「删除评论」
[2019-04-11 17:49:54,004] [INFO] [MBP][test_course_basic.py - line:25] 结束基础课程页面
[2019-04-11 17:49:54,005] [INFO] [MBP][conftest.py - line:27] 自动化测试结束!
[2019-04-11 17:49:54,397] [INFO] [MBP][conftest.py - line:19] 自动化测试开始!
[2019-04-11 17:49:54,397] [INFO] [MBP][driver.py - line:23] 79URX19227000484
[2019-04-11 17:49:54,519] [INFO] [MBP][driver.py - line:33] 连接设备:79URX19227000484
[2019-04-11 17:49:54,519] [INFO] [MBP][conftest.py - line:21] driver初始化
[2019-04-11 17:50:00,584] [INFO] [MBP][base.py - line:195] 等待「微信发现」元素出现
[2019-04-11 17:50:00,611] [INFO] [MBP][base.py - line:184] 展示文字
[2019-04-11 17:50:01,686] [INFO] [MBP][base.py - line:115] 向下滑动
[2019-04-11 17:50:04,114] [INFO] [MBP][base.py - line:41] 点击元素:「小熊家长会」
[2019-04-11 17:50:09,179] [INFO] [MBP][base.py - line:41] 点击元素:「图」
[2019-04-11 17:50:10,304] [INFO] [MBP][base.py - line:195] 等待「邀请打卡」元素出现
[2019-04-11 17:50:10,305] [INFO] [MBP][test_course_basic.py - line:23] 初始化基础课程页面
[2019-04-11 17:50:13,295] [INFO] [MBP][base.py - line:41] 点击元素:「Rhapsody」
[2019-04-11 17:50:14,521] [INFO] [MBP][base.py - line:53] 点击元素「删除评论」
[2019-04-11 17:50:36,422] [INFO] [MBP][test_course_basic.py - line:25] 结束基础课程页面
[2019-04-11 17:50:36,427] [INFO] [MBP][conftest.py - line:27] 自动化测试结束!
[2019-04-11 17:50:36,738] [INFO] [MBP][conftest.py - line:19] 自动化测试开始!
[2019-04-11 17:50:36,738] [INFO] [MBP][driver.py - line:23] 79URX19227000484
[2019-04-11 17:50:36,867] [INFO] [MBP][driver.py - line:33] 连接设备:79URX19227000484
[2019-04-11 17:50:36,867] [INFO] [MBP][conftest.py - line:21] driver初始化
[2019-04-11 17:50:43,165] [INFO] [MBP][base.py - line:195] 等待「微信发现」元素出现
[2019-04-11 17:50:43,195] [INFO] [MBP][base.py - line:184] 展示文字
[2019-04-11 17:50:44,226] [INFO] [MBP][base.py - line:115] 向下滑动
[2019-04-11 17:50:47,052] [INFO] [MBP][base.py - line:41] 点击元素:「小熊家长会」
[2019-04-11 17:50:52,427] [INFO] [MBP][base.py - line:41] 点击元素:「图」
[2019-04-11 17:50:53,893] [INFO] [MBP][base.py - line:195] 等待「邀请打卡」元素出现
[2019-04-11 17:50:53,893] [INFO] [MBP][test_course_basic.py - line:23] 初始化基础课程页面
[2019-04-11 17:50:57,327] [INFO] [MBP][base.py - line:41] 点击元素:「Rhapsody」
[2019-04-11 17:50:58,581] [INFO] [MBP][base.py - line:53] 点击元素「删除评论」
[2019-04-11 17:51:21,263] [INFO] [MBP][test_course_basic.py - line:25] 结束基础课程页面
[2019-04-11 17:51:21,265] [INFO] [MBP][conftest.py - line:27] 自动化测试结束!
[2019-04-11 17:51:21,556] [INFO] [MBP][conftest.py - line:19] 自动化测试开始!
[2019-04-11 17:51:21,557] [INFO] [MBP][driver.py - line:23] 79URX19227000484
[2019-04-11 17:51:21,669] [INFO] [MBP][driver.py - line:33] 连接设备:79URX19227000484
[2019-04-11 17:51:21,669] [INFO] [MBP][conftest.py - line:21] driver初始化
[2019-04-11 17:51:27,525] [INFO] [MBP][base.py - line:195] 等待「微信发现」元素出现
[2019-04-11 17:51:27,555] [INFO] [MBP][base.py - line:184] 展示文字
[2019-04-11 17:51:28,572] [INFO] [MBP][base.py - line:115] 向下滑动
[2019-04-11 17:51:31,038] [INFO] [MBP][base.py - line:41] 点击元素:「小熊家长会」
[2019-04-11 17:51:36,355] [INFO] [MBP][base.py - line:41] 点击元素:「图」
[2019-04-11 17:51:37,762] [INFO] [MBP][base.py - line:195] 等待「邀请打卡」元素出现
[2019-04-11 17:51:37,762] [INFO] [MBP][test_course_basic.py - line:23] 初始化基础课程页面
[2019-04-11 17:51:42,020] [INFO] [MBP][base.py - line:41] 点击元素:「赞」
[2019-04-11 17:51:48,375] [INFO] [MBP][test_course_basic.py - line:25] 结束基础课程页面
[2019-04-11 17:51:48,377] [INFO] [MBP][conftest.py - line:27] 自动化测试结束!
[2019-04-11 17:51:48,689] [INFO] [MBP][conftest.py - line:19] 自动化测试开始!
[2019-04-11 17:51:48,689] [INFO] [MBP][driver.py - line:23] 79URX19227000484
[2019-04-11 17:51:48,773] [INFO] [MBP][driver.py - line:33] 连接设备:79URX19227000484
[2019-04-11 17:51:48,774] [INFO] [MBP][conftest.py - line:21] driver初始化
[2019-04-11 17:51:54,847] [INFO] [MBP][base.py - line:195] 等待「微信发现」元素出现
[2019-04-11 17:51:54,867] [INFO] [MBP][base.py - line:184] 展示文字
[2019-04-11 17:51:55,870] [INFO] [MBP][base.py - line:115] 向下滑动
[2019-04-11 17:51:58,751] [INFO] [MBP][base.py - line:41] 点击元素:「小熊家长会」
[2019-04-11 17:52:16,861] [INFO] [MBP][base.py - line:41] 点击元素:「图」
[2019-04-11 17:52:18,261] [INFO] [MBP][base.py - line:195] 等待「邀请打卡」元素出现
[2019-04-11 17:52:18,261] [INFO] [MBP][test_course_basic.py - line:23] 初始化基础课程页面
[2019-04-11 17:52:41,474] [INFO] [MBP][test_course_basic.py - line:25] 结束基础课程页面
[2019-04-11 17:52:41,477] [INFO] [MBP][conftest.py - line:27] 自动化测试结束!
[2019-04-11 17:52:41,740] [INFO] [MBP][conftest.py - line:19] 自动化测试开始!
[2019-04-11 17:52:41,740] [INFO] [MBP][driver.py - line:23] 79URX19227000484
[2019-04-11 17:52:41,864] [INFO] [MBP][driver.py - line:33] 连接设备:79URX19227000484
[2019-04-11 17:52:41,865] [INFO] [MBP][conftest.py - line:21] driver初始化
[2019-04-11 17:52:47,855] [INFO] [MBP][base.py - line:195] 等待「微信发现」元素出现
[2019-04-11 17:52:47,880] [INFO] [MBP][base.py - line:184] 展示文字
[2019-04-11 17:52:48,844] [INFO] [MBP][base.py - line:115] 向下滑动
[2019-04-11 17:52:51,330] [INFO] [MBP][base.py - line:41] 点击元素:「小熊家长会」
[2019-04-11 17:52:56,396] [INFO] [MBP][base.py - line:41] 点击元素:「图」
[2019-04-11 17:52:57,810] [INFO] [MBP][base.py - line:195] 等待「邀请打卡」元素出现
[2019-04-11 17:52:57,811] [INFO] [MBP][test_course_basic.py - line:23] 初始化基础课程页面
[2019-04-11 17:53:02,009] [INFO] [MBP][base.py - line:41] 点击元素:「赞」
[2019-04-11 17:53:09,178] [INFO] [MBP][test_course_basic.py - line:25] 结束基础课程页面
[2019-04-11 17:53:09,183] [INFO] [MBP][conftest.py - line:27] 自动化测试结束!
[2019-04-11 17:53:09,464] [INFO] [MBP][conftest.py - line:19] 自动化测试开始!
[2019-04-11 17:53:09,465] [INFO] [MBP][driver.py - line:23] 79URX19227000484
[2019-04-11 17:53:09,606] [INFO] [MBP][driver.py - line:33] 连接设备:79URX19227000484
[2019-04-11 17:53:09,607] [INFO] [MBP][conftest.py - line:21] driver初始化
[2019-04-11 17:53:15,807] [INFO] [MBP][base.py - line:195] 等待「微信发现」元素出现
[2019-04-11 17:53:15,835] [INFO] [MBP][base.py - line:184] 展示文字
[2019-04-11 17:53:16,793] [INFO] [MBP][base.py - line:115] 向下滑动
[2019-04-11 17:53:19,558] [INFO] [MBP][base.py - line:41] 点击元素:「小熊家长会」
[2019-04-11 17:53:27,702] [INFO] [MBP][base.py - line:41] 点击元素:「图」
[2019-04-11 17:53:29,100] [INFO] [MBP][base.py - line:195] 等待「邀请打卡」元素出现
[2019-04-11 17:53:29,100] [INFO] [MBP][test_course_basic.py - line:23] 初始化基础课程页面
[2019-04-11 17:53:32,649] [INFO] [MBP][base.py - line:41] 点击元素:「分享」
[2019-04-11 17:53:34,235] [INFO] [MBP][base.py - line:249] 断言「创建新聊天」元素存在,成功了!
[2019-04-11 17:53:34,236] [INFO] [MBP][test_course_basic.py - line:25] 结束基础课程页面
[2019-04-11 17:53:34,237] [INFO] [MBP][conftest.py - line:27] 自动化测试结束!
[2019-04-11 17:53:34,511] [INFO] [MBP][conftest.py - line:19] 自动化测试开始!
[2019-04-11 17:53:34,512] [INFO] [MBP][driver.py - line:23] 79URX19227000484
[2019-04-11 17:53:36,403] [INFO] [MBP][driver.py - line:33] 连接设备:79URX19227000484
[2019-04-11 17:53:36,403] [INFO] [MBP][conftest.py - line:21] driver初始化
[2019-04-11 17:53:42,362] [INFO] [MBP][base.py - line:195] 等待「微信发现」元素出现
[2019-04-11 17:53:42,388] [INFO] [MBP][base.py - line:184] 展示文字
[2019-04-11 17:53:43,576] [INFO] [MBP][base.py - line:115] 向下滑动
[2019-04-11 17:53:46,151] [INFO] [MBP][base.py - line:41] 点击元素:「小熊家长会」
[2019-04-11 17:53:51,343] [INFO] [MBP][base.py - line:41] 点击元素:「图」
[2019-04-11 17:53:52,851] [INFO] [MBP][base.py - line:195] 等待「邀请打卡」元素出现
[2019-04-11 17:53:52,851] [INFO] [MBP][test_course_basic.py - line:23] 初始化基础课程页面
[2019-04-11 17:53:56,334] [INFO] [MBP][base.py - line:41] 点击元素:「已打卡」
[2019-04-11 17:53:57,863] [INFO] [MBP][base.py - line:249] 断言「日记本」元素存在,成功了!
[2019-04-11 17:53:57,864] [INFO] [MBP][test_course_basic.py - line:25] 结束基础课程页面
[2019-04-11 17:53:57,866] [INFO] [MBP][conftest.py - line:27] 自动化测试结束!
[2019-04-11 17:53:58,266] [INFO] [MBP][conftest.py - line:19] 自动化测试开始!
[2019-04-11 17:53:58,266] [INFO] [MBP][driver.py - line:23] 79URX19227000484
[2019-04-11 17:53:58,399] [INFO] [MBP][driver.py - line:33] 连接设备:79URX19227000484
[2019-04-11 17:53:58,399] [INFO] [MBP][conftest.py - line:21] driver初始化
[2019-04-11 17:54:04,702] [INFO] [MBP][base.py - line:195] 等待「微信发现」元素出现
[2019-04-11 17:54:04,732] [INFO] [MBP][base.py - line:184] 展示文字
[2019-04-11 17:54:05,835] [INFO] [MBP][base.py - line:115] 向下滑动
[2019-04-11 17:54:08,808] [INFO] [MBP][base.py - line:41] 点击元素:「小熊家长会」
[2019-04-11 17:54:12,440] [INFO] [MBP][base.py - line:41] 点击元素:「新建班级」
[2019-04-11 17:54:12,441] [INFO] [MBP][test_course_editor.py - line:22] 初始化新建班级模块
[2019-04-11 17:54:13,473] [INFO] [MBP][base.py - line:195] 等待「班级名称」元素出现
[2019-04-11 17:54:15,548] [INFO] [MBP][base.py - line:70] 输入文字「U2测试班级」
[2019-04-11 17:54:15,684] [INFO] [MBP][base.py - line:174] 点击返回
[2019-04-11 17:54:16,704] [INFO] [MBP][base.py - line:195] 等待「孩子学习打卡」元素出现
[2019-04-11 17:54:20,040] [INFO] [MBP][base.py - line:41] 点击元素:「孩子学习打卡」
[2019-04-11 17:54:20,609] [INFO] [MBP][base.py - line:195] 等待「语文」元素出现
[2019-04-11 17:54:24,108] [INFO] [MBP][base.py - line:41] 点击元素:「语文」
[2019-04-11 17:54:24,768] [INFO] [MBP][base.py - line:195] 等待「下一步 」元素出现
[2019-04-11 17:54:28,176] [INFO] [MBP][base.py - line:41] 点击元素:「下一步 」
[2019-04-11 17:54:29,257] [INFO] [MBP][base.py - line:195] 等待「修改封面」元素出现
[2019-04-11 17:54:30,815] [INFO] [MBP][base.py - line:107] 向上滑动
[2019-04-11 17:54:34,058] [INFO] [MBP][base.py - line:41] 点击元素:「创建」
[2019-04-11 17:54:35,586] [INFO] [MBP][base.py - line:249] 断言「立即邀请家长 」元素存在,成功了!
[2019-04-11 17:54:35,587] [INFO] [MBP][test_course_editor.py - line:24] 结束新建班级模块
[2019-04-11 17:54:35,588] [INFO] [MBP][conftest.py - line:27] 自动化测试结束!
[2019-04-11 17:54:41,254] [INFO] [MBP][run.py - line:27] 报告地址:/Users/Innocence/PycharmProjects/txxdk/reports/index.html
